This is pdfTeX, Version 3.1415926-1.40.9 (MiKTeX 2.7) (preloaded format=pdflatex 2009.6.4)  17 SEP 2009 16:48
entering extended mode
**X:/Archivio/Work/Science/Papers/2010.1.ICRA/icra10_mirror.tex
(X:/Archivio/Work/Science/Papers/2010.1.ICRA/icra10_mirror.tex
LaTeX2e <2005/12/01>
Babel <v3.8l> and hyphenation patterns for english, dumylang, nohyphenation, fr
ench, loaded.
(ieeeconf.cls

LaTeX Warning: You have requested document class `ieeeconf',
               but the document class provides `cssconf'.

Document Class: cssconf 2004/1/15 revision V1.6b by Pradeep Misra
\@IEEEtrantmpdimenA=\dimen102
\@IEEEtrantmpdimenB=\dimen103
\@IEEEtrantmpcountA=\count79
\@IEEEtrantmpcountB=\count80
\@IEEEtrantmptoksA=\toks14
LaTeX Font Info:    Try loading font information for OT1+ptm on input line 792.

("C:\Program Files\MiKTeX 2.7\tex\latex\psnfss\ot1ptm.fd"
File: ot1ptm.fd 2001/06/04 font definitions for OT1/ptm.
)
\@IEEEnormalsizefontbaselineskip=\skip41

-- This is a 10 point document.
\normalsizebaselineskip=\skip42
\normaljot=\skip43
LaTeX Font Info:    Font shape `OT1/ptm/bx/n' in size <5> not available
(Font)              Font shape `OT1/ptm/b/n' tried instead on input line 1111.
LaTeX Font Info:    Font shape `OT1/ptm/bx/it' in size <5> not available
(Font)              Font shape `OT1/ptm/b/it' tried instead on input line 1111.

LaTeX Font Info:    Font shape `OT1/ptm/bx/n' in size <7> not available
(Font)              Font shape `OT1/ptm/b/n' tried instead on input line 1111.
LaTeX Font Info:    Font shape `OT1/ptm/bx/it' in size <7> not available
(Font)              Font shape `OT1/ptm/b/it' tried instead on input line 1111.

LaTeX Font Info:    Font shape `OT1/ptm/bx/n' in size <8> not available
(Font)              Font shape `OT1/ptm/b/n' tried instead on input line 1111.
LaTeX Font Info:    Font shape `OT1/ptm/bx/it' in size <8> not available
(Font)              Font shape `OT1/ptm/b/it' tried instead on input line 1111.

LaTeX Font Info:    Font shape `OT1/ptm/bx/n' in size <9> not available
(Font)              Font shape `OT1/ptm/b/n' tried instead on input line 1111.
LaTeX Font Info:    Font shape `OT1/ptm/bx/it' in size <9> not available
(Font)              Font shape `OT1/ptm/b/it' tried instead on input line 1111.

LaTeX Font Info:    Font shape `OT1/ptm/bx/n' in size <10> not available
(Font)              Font shape `OT1/ptm/b/n' tried instead on input line 1111.
LaTeX Font Info:    Font shape `OT1/ptm/bx/it' in size <10> not available
(Font)              Font shape `OT1/ptm/b/it' tried instead on input line 1111.

LaTeX Font Info:    Font shape `OT1/ptm/bx/n' in size <11> not available
(Font)              Font shape `OT1/ptm/b/n' tried instead on input line 1111.
LaTeX Font Info:    Font shape `OT1/ptm/bx/it' in size <11> not available
(Font)              Font shape `OT1/ptm/b/it' tried instead on input line 1111.

LaTeX Font Info:    Font shape `OT1/ptm/bx/n' in size <12> not available
(Font)              Font shape `OT1/ptm/b/n' tried instead on input line 1111.
LaTeX Font Info:    Font shape `OT1/ptm/bx/it' in size <12> not available
(Font)              Font shape `OT1/ptm/b/it' tried instead on input line 1111.

LaTeX Font Info:    Font shape `OT1/ptm/bx/n' in size <16> not available
(Font)              Font shape `OT1/ptm/b/n' tried instead on input line 1111.
LaTeX Font Info:    Font shape `OT1/ptm/bx/it' in size <16> not available
(Font)              Font shape `OT1/ptm/b/it' tried instead on input line 1111.

LaTeX Font Info:    Font shape `OT1/ptm/bx/n' in size <20> not available
(Font)              Font shape `OT1/ptm/b/n' tried instead on input line 1111.
LaTeX Font Info:    Font shape `OT1/ptm/bx/it' in size <20> not available
(Font)              Font shape `OT1/ptm/b/it' tried instead on input line 1111.

LaTeX Font Info:    Font shape `OT1/ptm/bx/n' in size <24> not available
(Font)              Font shape `OT1/ptm/b/n' tried instead on input line 1111.
LaTeX Font Info:    Font shape `OT1/ptm/bx/it' in size <24> not available
(Font)              Font shape `OT1/ptm/b/it' tried instead on input line 1111.

\IEEEilabelindentA=\dimen104
\IEEEilabelindentB=\dimen105
\IEEEilabelindent=\dimen106
\IEEEelabelindent=\dimen107
\IEEEdlabelindent=\dimen108
\labelindent=\dimen109
\IEEEiednormlabelsep=\dimen110
\IEEEiedmathlabelsep=\dimen111
\IEEEiedtopsep=\skip44
\c@section=\count81
\c@subsection=\count82
\c@subsubsection=\count83
\c@paragraph=\count84
\c@IEEEsubequation=\count85
\abovecaptionskip=\skip45
\belowcaptionskip=\skip46
\c@figure=\count86
\c@table=\count87
\@IEEEeqnnumcols=\count88
\@IEEEeqncolcnt=\count89
\@IEEEtmpitemindent=\dimen112
\c@biography=\count90
\@IEEEtranrubishbin=\box26
)
** ATTENTION: Overriding command lockouts (line 3).
** ATTENTION: Overriding IEEE standard margins (line 4).
("C:\Program Files\MiKTeX 2.7\tex\latex\graphics\graphics.sty"
Package: graphics 2006/02/20 v1.0o Standard LaTeX Graphics (DPC,SPQR)

("C:\Program Files\MiKTeX 2.7\tex\latex\graphics\trig.sty"
Package: trig 1999/03/16 v1.09 sin cos tan (DPC)
)
("C:\Program Files\MiKTeX 2.7\tex\latex\00miktex\graphics.cfg"
File: graphics.cfg 2007/01/18 v1.5 graphics configuration of teTeX/TeXLive
)
Package graphics Info: Driver file: pdftex.def on input line 90.

("C:\Program Files\MiKTeX 2.7\tex\latex\pdftex-def\pdftex.def"
File: pdftex.def 2008/09/08 v0.04l Graphics/color for pdfTeX
\Gread@gobject=\count91
))
("C:\Program Files\MiKTeX 2.7\tex\latex\graphics\epsfig.sty"
Package: epsfig 1999/02/16 v1.7a (e)psfig emulation (SPQR)

("C:\Program Files\MiKTeX 2.7\tex\latex\graphics\graphicx.sty"
Package: graphicx 1999/02/16 v1.0f Enhanced LaTeX Graphics (DPC,SPQR)

("C:\Program Files\MiKTeX 2.7\tex\latex\graphics\keyval.sty"
Package: keyval 1999/03/16 v1.13 key=value parser (DPC)
\KV@toks@=\toks15
)
\Gin@req@height=\dimen113
\Gin@req@width=\dimen114
)
\epsfxsize=\dimen115
\epsfysize=\dimen116
)
("C:\Program Files\MiKTeX 2.7\tex\latex\psnfss\mathptmx.sty"
Package: mathptmx 2005/04/12 PSNFSS-v9.2a Times w/ Math, improved (SPQR, WaS) 
LaTeX Font Info:    Redeclaring symbol font `operators' on input line 28.
LaTeX Font Info:    Overwriting symbol font `operators' in version `normal'
(Font)                  OT1/cmr/m/n --> OT1/ztmcm/m/n on input line 28.
LaTeX Font Info:    Overwriting symbol font `operators' in version `bold'
(Font)                  OT1/cmr/bx/n --> OT1/ztmcm/m/n on input line 28.
LaTeX Font Info:    Redeclaring symbol font `letters' on input line 29.
LaTeX Font Info:    Overwriting symbol font `letters' in version `normal'
(Font)                  OML/cmm/m/it --> OML/ztmcm/m/it on input line 29.
LaTeX Font Info:    Overwriting symbol font `letters' in version `bold'
(Font)                  OML/cmm/b/it --> OML/ztmcm/m/it on input line 29.
LaTeX Font Info:    Redeclaring symbol font `symbols' on input line 30.
LaTeX Font Info:    Overwriting symbol font `symbols' in version `normal'
(Font)                  OMS/cmsy/m/n --> OMS/ztmcm/m/n on input line 30.
LaTeX Font Info:    Overwriting symbol font `symbols' in version `bold'
(Font)                  OMS/cmsy/b/n --> OMS/ztmcm/m/n on input line 30.
LaTeX Font Info:    Redeclaring symbol font `largesymbols' on input line 31.
LaTeX Font Info:    Overwriting symbol font `largesymbols' in version `normal'
(Font)                  OMX/cmex/m/n --> OMX/ztmcm/m/n on input line 31.
LaTeX Font Info:    Overwriting symbol font `largesymbols' in version `bold'
(Font)                  OMX/cmex/m/n --> OMX/ztmcm/m/n on input line 31.
\symbold=\mathgroup4
\symitalic=\mathgroup5
LaTeX Font Info:    Redeclaring math alphabet \mathbf on input line 34.
LaTeX Font Info:    Overwriting math alphabet `\mathbf' in version `normal'
(Font)                  OT1/cmr/bx/n --> OT1/ptm/bx/n on input line 34.
LaTeX Font Info:    Overwriting math alphabet `\mathbf' in version `bold'
(Font)                  OT1/cmr/bx/n --> OT1/ptm/bx/n on input line 34.
LaTeX Font Info:    Redeclaring math alphabet \mathit on input line 35.
LaTeX Font Info:    Overwriting math alphabet `\mathit' in version `normal'
(Font)                  OT1/cmr/m/it --> OT1/ptm/m/it on input line 35.
LaTeX Font Info:    Overwriting math alphabet `\mathit' in version `bold'
(Font)                  OT1/cmr/bx/it --> OT1/ptm/m/it on input line 35.
LaTeX Info: Redefining \hbar on input line 50.
)
("C:\Program Files\MiKTeX 2.7\tex\latex\psnfss\times.sty"
Package: times 2005/04/12 PSNFSS-v9.2a (SPQR) 
)
("C:\Program Files\MiKTeX 2.7\tex\latex\amsmath\amsmath.sty"
Package: amsmath 2000/07/18 v2.13 AMS math features
\@mathmargin=\skip47

For additional information on amsmath, use the `?' option.
("C:\Program Files\MiKTeX 2.7\tex\latex\amsmath\amstext.sty"
Package: amstext 2000/06/29 v2.01

("C:\Program Files\MiKTeX 2.7\tex\latex\amsmath\amsgen.sty"
File: amsgen.sty 1999/11/30 v2.0
\@emptytoks=\toks16
\ex@=\dimen117
))
("C:\Program Files\MiKTeX 2.7\tex\latex\amsmath\amsbsy.sty"
Package: amsbsy 1999/11/29 v1.2d
\pmbraise@=\dimen118
)
("C:\Program Files\MiKTeX 2.7\tex\latex\amsmath\amsopn.sty"
Package: amsopn 1999/12/14 v2.01 operator names
)
\inf@bad=\count92
LaTeX Info: Redefining \frac on input line 211.
\uproot@=\count93
\leftroot@=\count94
LaTeX Info: Redefining \overline on input line 307.
\classnum@=\count95
\DOTSCASE@=\count96
LaTeX Info: Redefining \ldots on input line 379.
LaTeX Info: Redefining \dots on input line 382.
LaTeX Info: Redefining \cdots on input line 467.
\Mathstrutbox@=\box27
\strutbox@=\box28
\big@size=\dimen119
LaTeX Font Info:    Redeclaring font encoding OML on input line 567.
LaTeX Font Info:    Redeclaring font encoding OMS on input line 568.
\macc@depth=\count97
\c@MaxMatrixCols=\count98
\dotsspace@=\muskip10
\c@parentequation=\count99
\dspbrk@lvl=\count100
\tag@help=\toks17
\row@=\count101
\column@=\count102
\maxfields@=\count103
\andhelp@=\toks18
\eqnshift@=\dimen120
\alignsep@=\dimen121
\tagshift@=\dimen122
\tagwidth@=\dimen123
\totwidth@=\dimen124
\lineht@=\dimen125
\@envbody=\toks19
\multlinegap=\skip48
\multlinetaggap=\skip49
\mathdisplay@stack=\toks20
LaTeX Info: Redefining \[ on input line 2666.
LaTeX Info: Redefining \] on input line 2667.
)
("C:\Program Files\MiKTeX 2.7\tex\latex\amsfonts\amssymb.sty"
Package: amssymb 2002/01/22 v2.2d

("C:\Program Files\MiKTeX 2.7\tex\latex\amsfonts\amsfonts.sty"
Package: amsfonts 2001/10/25 v2.2f
\symAMSa=\mathgroup6
\symAMSb=\mathgroup7
LaTeX Font Info:    Overwriting math alphabet `\mathfrak' in version `bold'
(Font)                  U/euf/m/n --> U/euf/b/n on input line 132.
))
("C:\Program Files\MiKTeX 2.7\tex\latex\multirow\multirow.sty"
\bigstrutjot=\dimen126
)
(icra10_mirror.aux)
LaTeX Font Info:    Checking defaults for OML/cmm/m/it on input line 32.
LaTeX Font Info:    ... okay on input line 32.
LaTeX Font Info:    Checking defaults for T1/cmr/m/n on input line 32.
LaTeX Font Info:    ... okay on input line 32.
LaTeX Font Info:    Checking defaults for OT1/cmr/m/n on input line 32.
LaTeX Font Info:    ... okay on input line 32.
LaTeX Font Info:    Checking defaults for OMS/cmsy/m/n on input line 32.
LaTeX Font Info:    ... okay on input line 32.
LaTeX Font Info:    Checking defaults for OMX/cmex/m/n on input line 32.
LaTeX Font Info:    ... okay on input line 32.
LaTeX Font Info:    Checking defaults for U/cmr/m/n on input line 32.
LaTeX Font Info:    ... okay on input line 32.
 ("C:\Program Files\MiKTeX 2.7\tex\context\base\supp-pdf.tex"
[Loading MPS to PDF converter (version 2006.09.02).]
\scratchcounter=\count104
\scratchdimen=\dimen127
\scratchbox=\box29
\nofMPsegments=\count105
\nofMParguments=\count106
\everyMPshowfont=\toks21
\MPscratchCnt=\count107
\MPscratchDim=\dimen128
\MPnumerator=\count108
\everyMPtoPDFconversion=\toks22
)
LaTeX Font Info:    Try loading font information for OT1+ztmcm on input line 34
.
 ("C:\Program Files\MiKTeX 2.7\tex\latex\psnfss\ot1ztmcm.fd"
File: ot1ztmcm.fd 2000/01/03 Fontinst v1.801 font definitions for OT1/ztmcm.
)
LaTeX Font Info:    Try loading font information for OML+ztmcm on input line 34
.

("C:\Program Files\MiKTeX 2.7\tex\latex\psnfss\omlztmcm.fd"
File: omlztmcm.fd 2000/01/03 Fontinst v1.801 font definitions for OML/ztmcm.
)
LaTeX Font Info:    Try loading font information for OMS+ztmcm on input line 34
.

("C:\Program Files\MiKTeX 2.7\tex\latex\psnfss\omsztmcm.fd"
File: omsztmcm.fd 2000/01/03 Fontinst v1.801 font definitions for OMS/ztmcm.
)
LaTeX Font Info:    Try loading font information for OMX+ztmcm on input line 34
.

("C:\Program Files\MiKTeX 2.7\tex\latex\psnfss\omxztmcm.fd"
File: omxztmcm.fd 2000/01/03 Fontinst v1.801 font definitions for OMX/ztmcm.
)
LaTeX Font Info:    Font shape `OT1/ptm/bx/n' in size <6> not available
(Font)              Font shape `OT1/ptm/b/n' tried instead on input line 34.
LaTeX Font Info:    Try loading font information for OT1+pcr on input line 34.

("C:\Program Files\MiKTeX 2.7\tex\latex\psnfss\ot1pcr.fd"
File: ot1pcr.fd 2001/06/04 font definitions for OT1/pcr.
) (abstract.tex)
(introduction.tex
LaTeX Font Info:    Font shape `OT1/ptm/bx/n' in size <7.4> not available
(Font)              Font shape `OT1/ptm/b/n' tried instead on input line 2.
 <images/pickup_press.pdf, id=1, 158.5925pt x 108.405pt>
File: images/pickup_press.pdf Graphic file (type pdf)

<use images/pickup_press.pdf>
<images/black-fluted-half-lace-2.pdf, id=2, 762.85pt x 401.5pt>
File: images/black-fluted-half-lace-2.pdf Graphic file (type pdf)

<use images/black-fluted-half-lace-2.pdf>
<images/ole-at-opera-3.pdf, id=3, 762.85pt x 401.5pt>
File: images/ole-at-opera-3.pdf Graphic file (type pdf)

<use images/ole-at-opera-3.pdf>) (related-work.tex [1{C:/Documents and Settings
/All Users/Application Data/MiKTeX/2.7/pdftex/config/pdftex.map}


])
(database.tex <images/objects/palla.pdf, id=13, 159.59625pt x 205.76875pt>
File: images/objects/palla.pdf Graphic file (type pdf)

<use images/objects/palla.pdf>
<images/objects/penna.pdf, id=14, 149.55875pt x 205.76875pt>
File: images/objects/penna.pdf Graphic file (type pdf)

<use images/objects/penna.pdf>
<images/objects/papera.pdf, id=15, 176.66pt x 205.76875pt>
File: images/objects/papera.pdf Graphic file (type pdf)

<use images/objects/papera.pdf>
<images/objects/porcellino.pdf, id=16, 123.46124pt x 205.76875pt>
File: images/objects/porcellino.pdf Graphic file (type pdf)

<use images/objects/porcellino.pdf>
<images/objects/martello.pdf, id=17, 367.3725pt x 205.76875pt>
File: images/objects/martello.pdf Graphic file (type pdf)

<use images/objects/martello.pdf>
<images/objects/scotch.pdf, id=18, 169.63374pt x 205.76875pt>
File: images/objects/scotch.pdf Graphic file (type pdf)

<use images/objects/scotch.pdf>
<images/objects/lego.pdf, id=19, 188.705pt x 205.76875pt>
File: images/objects/lego.pdf Graphic file (type pdf)

<use images/objects/lego.pdf>
<images/objects/cylinder.pdf, id=20, 148.555pt x 156.585pt>
File: images/objects/cylinder.pdf Graphic file (type pdf)

<use images/objects/cylinder.pdf>
<images/objects/flat.pdf, id=21, 148.555pt x 156.585pt>
File: images/objects/flat.pdf Graphic file (type pdf)

<use images/objects/flat.pdf>
<images/objects/pinch.pdf, id=22, 148.555pt x 156.585pt>
File: images/objects/pinch.pdf Graphic file (type pdf)

<use images/objects/pinch.pdf>
<images/objects/spherical.pdf, id=23, 148.555pt x 156.585pt>
File: images/objects/spherical.pdf Graphic file (type pdf)

<use images/objects/spherical.pdf>
<images/objects/tripodal.pdf, id=24, 148.555pt x 156.585pt>
File: images/objects/tripodal.pdf Graphic file (type pdf)

<use images/objects/tripodal.pdf>
Underfull \vbox (badness 10000) has occurred while \output is active []


Overfull \hbox (14.00896pt too wide) in paragraph at lines 28--38
[][] 
 []

) (theoretical_framework.tex [2 <images/pickup_press.pdf> <images/black-fluted-
half-lace-2.pdf> <images/ole-at-opera-3.pdf>]
<images/train_fig_.pdf, id=46, 706.64pt x 388.45125pt>
File: images/train_fig_.pdf Graphic file (type pdf)

<use images/train_fig_.pdf>
<images/test_fig_.pdf, id=47, 701.62125pt x 390.45876pt>
File: images/test_fig_.pdf Graphic file (type pdf)

<use images/test_fig_.pdf>
Overfull \hbox (3.76006pt too wide) in paragraph at lines 64--71
 [][] 
 []

) (vision_unit.tex [3 <images/objects/palla.pdf> <images/objects/penna.pdf> <im
ages/objects/papera.pdf> <images/objects/porcellino.pdf> <images/objects/martel
lo.pdf> <images/objects/scotch.pdf> <images/objects/lego.pdf> <images/objects/c
ylinder.pdf> <images/objects/flat.pdf> <images/objects/pinch.pdf> <images/objec
ts/spherical.pdf> <images/objects/tripodal.pdf>]) (regression.tex)
(classifier.tex [4 <images/train_fig_.pdf> <images/test_fig_.pdf>]
Overfull \hbox (9.27449pt too wide) detected at line 68
\OML/ztmcm/m/it/10 K[]\OT1/ztmcm/m/n/10 ([][]\OML/ztmcm/m/it/10 ; [][]\OT1/ztmc
m/m/n/10 ) = [] \OML/ztmcm/m/it/10 a[]K[]\OT1/ztmcm/m/n/10 (\OML/ztmcm/m/it/10 
T[]\OT1/ztmcm/m/n/10 (\OML/ztmcm/m/it/10 I[]\OT1/ztmcm/m/n/10 )\OML/ztmcm/m/it/
10 ; T[]\OT1/ztmcm/m/n/10 (\OML/ztmcm/m/it/10 I\OT1/ztmcm/m/n/10 ))\OML/ztmcm/m
/it/10 ;  [] a[] \OT1/ztmcm/m/n/10 = 1\OML/ztmcm/m/it/10 :
 []

) (results.tex <images/real_.pdf, id=130, 475.7775pt x 357.335pt>
File: images/real_.pdf Graphic file (type pdf)

<use images/real_.pdf> <images/conf_vis.pdf, id=131, 475.7775pt x 357.335pt>
File: images/conf_vis.pdf Graphic file (type pdf)

<use images/conf_vis.pdf>
<images/conf_mot.pdf, id=132, 475.7775pt x 357.335pt>
File: images/conf_mot.pdf Graphic file (type pdf)

<use images/conf_mot.pdf>
<images/conf_low_real.pdf, id=133, 479.7925pt x 348.30125pt>
File: images/conf_low_real.pdf Graphic file (type pdf)

<use images/conf_low_real.pdf>
<images/conf_mck_real.pdf, id=134, 477.785pt x 350.30875pt>
File: images/conf_mck_real.pdf Graphic file (type pdf)

<use images/conf_mck_real.pdf>
<images/conf_das_real.pdf, id=135, 482.80376pt x 350.30875pt>
File: images/conf_das_real.pdf Graphic file (type pdf)

<use images/conf_das_real.pdf> [5]
<images/schema_process.pdf, id=143, 723.70375pt x 466.74374pt>
File: images/schema_process.pdf Graphic file (type pdf)

<use images/schema_process.pdf>
Overfull \hbox (7.22688pt too wide) in paragraph at lines 236--237
 [][] 
 []

<images/ric_.pdf, id=144, 475.7775pt x 357.335pt>
File: images/ric_.pdf Graphic file (type pdf)
 <use images/ric_.pdf>
File: images/conf_vis.pdf Graphic file (type pdf)

<use images/conf_vis.pdf>
<images/conf_mot_ric.pdf, id=145, 475.7775pt x 357.335pt>
File: images/conf_mot_ric.pdf Graphic file (type pdf)

<use images/conf_mot_ric.pdf>
<images/conf_low_ric.pdf, id=146, 476.78125pt x 375.4025pt>
File: images/conf_low_ric.pdf Graphic file (type pdf)

<use images/conf_low_ric.pdf>
<images/conf_mck_ric.pdf, id=147, 475.7775pt x 372.39125pt>
File: images/conf_mck_ric.pdf Graphic file (type pdf)

<use images/conf_mck_ric.pdf>
<images/conf_das_ric.pdf, id=148, 475.7775pt x 373.395pt>
File: images/conf_das_ric.pdf Graphic file (type pdf)

<use images/conf_das_ric.pdf> [6 <images/real_.pdf> <images/conf_vis.pdf> <imag
es/conf_mot.pdf> <images/conf_low_real.pdf> <images/conf_mck_real.pdf> <images/
conf_das_real.pdf>]) (conclu.tex [7 <images/ric_.pdf> <images/conf_mot_ric.pdf>
 <images/conf_low_ric.pdf> <images/conf_mck_ric.pdf> <images/conf_das_ric.pdf> 
<images/schema_process.pdf>]) (icra10_mirror.bbl
Missing character: There is no ï in font ptmr7t!
Missing character: There is no ¿ in font ptmr7t!
Missing character: There is no ½ in font ptmr7t!
Missing character: There is no ï in font ptmr7t!
Missing character: There is no ¿ in font ptmr7t!
Missing character: There is no ½ in font ptmr7t!
)

** Conference Paper **
Before submitting the final camera ready copy, remember to:

 1. Manually equalize the lengths of two columns on the last page
 of your paper;

 2. Ensure that any PostScript and/or PDF output post-processing
 uses only Type 1 fonts and that every step in the generation
 process uses the US letter (8.5in X 11in) paper size.

[8] (icra10_mirror.aux) ) 
Here is how much of TeX's memory you used:
 2741 strings out of 95342
 37855 string characters out of 1184341
 94239 words of memory out of 1500000
 5850 multiletter control sequences out of 110000
 59491 words of font info for 122 fonts, out of 3000000 for 5000
 14 hyphenation exceptions out of 8191
 30i,11n,24p,622b,287s stack positions out of 5000i,500n,10000p,200000b,50000s
{C:/Program Files/MiKTeX 2.7/fonts/enc/dvips/fontname/
8r.enc}<C:/Program Files/MiKTeX 2.7/fonts/type1/bluesky/cm/cmex10.pfb><C:/Progr
am Files/MiKTeX 2.7/fonts/type1/bluesky/cm/cmmi10.pfb><C:/Program Files/MiKTeX 
2.7/fonts/type1/bluesky/cm/cmr10.pfb><C:/Program Files/MiKTeX 2.7/fonts/type1/b
luesky/cm/cmsy10.pfb><C:/Program Files/MiKTeX 2.7/fonts/type1/urw/courier/ucrr8
a.pfb><C:/Program Files/MiKTeX 2.7/fonts/type1/urw/symbol/usyr.pfb><C:/Program 
Files/MiKTeX 2.7/fonts/type1/urw/times/utmb8a.pfb><C:/Program Files/MiKTeX 2.7/
fonts/type1/urw/times/utmbi8a.pfb><C:/Program Files/MiKTeX 2.7/fonts/type1/urw/
times/utmr8a.pfb><C:/Program Files/MiKTeX 2.7/fonts/type1/urw/times/utmri8a.pfb
>
Output written on icra10_mirror.pdf (8 pages, 765129 bytes).
PDF statistics:
 250 PDF objects out of 1000 (max. 8388607)
 0 named destinations out of 1000 (max. 131072)
 146 words of extra memory for PDF output out of 10000 (max. 10000000)

