This is pdfTeX, Version 3.1415926-1.40.9 (MiKTeX 2.7) (preloaded format=pdflatex 2009.6.4)  1 OCT 2009 11:21
entering extended mode
**X:/Archivio/Work/Science/Papers/2009.6.IJRR/paper.tex
(X:/Archivio/Work/Science/Papers/2009.6.IJRR/paper.tex
LaTeX2e <2005/12/01>
Babel <v3.8l> and hyphenation patterns for english, dumylang, nohyphenation, fr
ench, loaded.
("C:\Program Files\MiKTeX 2.7\tex\latex\base\article.cls"
Document Class: article 2005/09/16 v1.4f Standard LaTeX document class
("C:\Program Files\MiKTeX 2.7\tex\latex\base\size10.clo"
File: size10.clo 2005/09/16 v1.4f Standard LaTeX file (size option)
)
\c@part=\count79
\c@section=\count80
\c@subsection=\count81
\c@subsubsection=\count82
\c@paragraph=\count83
\c@subparagraph=\count84
\c@figure=\count85
\c@table=\count86
\abovecaptionskip=\skip41
\belowcaptionskip=\skip42
\bibindent=\dimen102
)
("C:\Program Files\MiKTeX 2.7\tex\latex\graphics\graphicx.sty"
Package: graphicx 1999/02/16 v1.0f Enhanced LaTeX Graphics (DPC,SPQR)

("C:\Program Files\MiKTeX 2.7\tex\latex\graphics\keyval.sty"
Package: keyval 1999/03/16 v1.13 key=value parser (DPC)
\KV@toks@=\toks14
)
("C:\Program Files\MiKTeX 2.7\tex\latex\graphics\graphics.sty"
Package: graphics 2006/02/20 v1.0o Standard LaTeX Graphics (DPC,SPQR)

("C:\Program Files\MiKTeX 2.7\tex\latex\graphics\trig.sty"
Package: trig 1999/03/16 v1.09 sin cos tan (DPC)
)
("C:\Program Files\MiKTeX 2.7\tex\latex\00miktex\graphics.cfg"
File: graphics.cfg 2007/01/18 v1.5 graphics configuration of teTeX/TeXLive
)
Package graphics Info: Driver file: pdftex.def on input line 90.

("C:\Program Files\MiKTeX 2.7\tex\latex\pdftex-def\pdftex.def"
File: pdftex.def 2008/09/08 v0.04l Graphics/color for pdfTeX
\Gread@gobject=\count87
))
\Gin@req@height=\dimen103
\Gin@req@width=\dimen104
)
("C:\Program Files\MiKTeX 2.7\tex\latex\wrapfig\wrapfig.sty"
\wrapoverhang=\dimen105
\WF@size=\dimen106
\c@WF@wrappedlines=\count88
\WF@box=\box26
\WF@everypar=\toks15
Package: wrapfig 2003/01/31  v 3.6
)
("C:\Program Files\MiKTeX 2.7\tex\latex\multirow\multirow.sty"
\bigstrutjot=\dimen107
)
("C:\Program Files\MiKTeX 2.7\tex\latex\ltxmisc\url.sty"
\Urlmuskip=\muskip10
Package: url 2006/04/12  ver 3.3  Verb mode for urls, etc.
) (paper.aux)
LaTeX Font Info:    Checking defaults for OML/cmm/m/it on input line 14.
LaTeX Font Info:    ... okay on input line 14.
LaTeX Font Info:    Checking defaults for T1/cmr/m/n on input line 14.
LaTeX Font Info:    ... okay on input line 14.
LaTeX Font Info:    Checking defaults for OT1/cmr/m/n on input line 14.
LaTeX Font Info:    ... okay on input line 14.
LaTeX Font Info:    Checking defaults for OMS/cmsy/m/n on input line 14.
LaTeX Font Info:    ... okay on input line 14.
LaTeX Font Info:    Checking defaults for OMX/cmex/m/n on input line 14.
LaTeX Font Info:    ... okay on input line 14.
LaTeX Font Info:    Checking defaults for U/cmr/m/n on input line 14.
LaTeX Font Info:    ... okay on input line 14.

("C:\Program Files\MiKTeX 2.7\tex\context\base\supp-pdf.tex"
[Loading MPS to PDF converter (version 2006.09.02).]
\scratchcounter=\count89
\scratchdimen=\dimen108
\scratchbox=\box27
\nofMPsegments=\count90
\nofMParguments=\count91
\everyMPshowfont=\toks16
\MPscratchCnt=\count92
\MPscratchDim=\dimen109
\MPnumerator=\count93
\everyMPtoPDFconversion=\toks17
)
LaTeX Font Info:    External font `cmex10' loaded for size
(Font)              <12> on input line 16.
LaTeX Font Info:    External font `cmex10' loaded for size
(Font)              <8> on input line 16.
LaTeX Font Info:    External font `cmex10' loaded for size
(Font)              <6> on input line 16.
LaTeX Font Info:    External font `cmex10' loaded for size
(Font)              <9> on input line 25.
LaTeX Font Info:    External font `cmex10' loaded for size
(Font)              <5> on input line 25.
LaTeX Font Info:    External font `cmex10' loaded for size
(Font)              <7> on input line 58.
 [1

{C:/Documents and Settings/All Users/Application Data/MiKTeX/2.7/pdftex/config/
pdftex.map}]
LaTeX Font Info:    Try loading font information for OMS+cmr on input line 78.
 ("C:\Program Files\MiKTeX 2.7\tex\latex\base\omscmr.fd"
File: omscmr.fd 1999/05/25 v2.5h Standard LaTeX font definitions
)
LaTeX Font Info:    Font shape `OMS/cmr/m/n' in size <10> not available
(Font)              Font shape `OMS/cmsy/m/n' tried instead on input line 78.

[2] [3] <images/palla.pdf, id=24, 159.59625pt x 205.76875pt>
File: images/palla.pdf Graphic file (type pdf)

<use images/palla.pdf> <images/penna.pdf, id=25, 149.55875pt x 205.76875pt>
File: images/penna.pdf Graphic file (type pdf)

<use images/penna.pdf> <images/papera.pdf, id=26, 176.66pt x 205.76875pt>
File: images/papera.pdf Graphic file (type pdf)

<use images/papera.pdf>
<images/porcellino.pdf, id=27, 123.46124pt x 205.76875pt>
File: images/porcellino.pdf Graphic file (type pdf)

<use images/porcellino.pdf>
<images/martello.pdf, id=28, 367.3725pt x 205.76875pt>
File: images/martello.pdf Graphic file (type pdf)

<use images/martello.pdf>
<images/scotch.pdf, id=29, 169.63374pt x 205.76875pt>
File: images/scotch.pdf Graphic file (type pdf)
 <use images/scotch.pdf>
<images/lego.pdf, id=30, 188.705pt x 205.76875pt>
File: images/lego.pdf Graphic file (type pdf)
 <use images/lego.pdf>
<images/cylinder.pdf, id=31, 148.555pt x 156.585pt>
File: images/cylinder.pdf Graphic file (type pdf)
 <use images/cylinder.pdf>
<images/flat.png, id=32, 142.6128pt x 150.3216pt>
File: images/flat.png Graphic file (type png)
 <use images/flat.png>
<images/pinch.pdf, id=33, 148.555pt x 156.585pt>
File: images/pinch.pdf Graphic file (type pdf)
 <use images/pinch.pdf>
<images/spherical.pdf, id=34, 148.555pt x 156.585pt>
File: images/spherical.pdf Graphic file (type pdf)

<use images/spherical.pdf> <images/tripodal.pdf, id=35, 148.555pt x 156.585pt>
File: images/tripodal.pdf Graphic file (type pdf)

<use images/tripodal.pdf> [4 <images/palla.pdf> <images/penna.pdf> <images/pape
ra.pdf> <images/porcellino.pdf> <images/martello.pdf> <images/scotch.pdf> <imag
es/lego.pdf> <images/cylinder.pdf> <images/flat.png (PNG copy)> <images/pinch.p
df> <images/spherical.pdf> <images/tripodal.pdf>]
<images/frontal1.png, id=102, 385.44pt x 289.08pt>
File: images/frontal1.png Graphic file (type png)
 <use images/frontal1.png>
<images/frontal2.png, id=103, 385.44pt x 289.08pt>
File: images/frontal2.png Graphic file (type png)
 <use images/frontal2.png>
<images/frontal3.png, id=104, 385.44pt x 289.08pt>
File: images/frontal3.png Graphic file (type png)
 <use images/frontal3.png>
<images/frontal4.png, id=105, 385.44pt x 289.08pt>
File: images/frontal4.png Graphic file (type png)
 <use images/frontal4.png>
<images/frontal5.png, id=106, 385.44pt x 289.08pt>
File: images/frontal5.png Graphic file (type png)
 <use images/frontal5.png>
<images/side1.png, id=107, 385.44pt x 289.08pt>
File: images/side1.png Graphic file (type png)
 <use images/side1.png>
<images/side2.png, id=108, 385.44pt x 289.08pt>
File: images/side2.png Graphic file (type png)
 <use images/side2.png>
<images/side3.png, id=109, 385.44pt x 289.08pt>
File: images/side3.png Graphic file (type png)
 <use images/side3.png>
<images/side4.png, id=110, 385.44pt x 289.08pt>
File: images/side4.png Graphic file (type png)
 <use images/side4.png>
<images/side5.png, id=111, 385.44pt x 289.08pt>
File: images/side5.png Graphic file (type png)
 <use images/side5.png> [5 <images/frontal1.png (PNG copy)> <images/frontal2.pn
g (PNG copy)> <images/frontal3.png (PNG copy)> <images/frontal4.png (PNG copy)>
 <images/frontal5.png (PNG copy)> <images/side1.png (PNG copy)> <images/side2.p
ng (PNG copy)> <images/side3.png (PNG copy)> <images/side4.png (PNG copy)> <ima
ges/side5.png (PNG copy)>]
<images/pressure_plot.pdf, id=115, 547.04375pt x 578.16pt>
File: images/pressure_plot.pdf Graphic file (type pdf)

<use images/pressure_plot.pdf>
<images/light1.png, id=116, 385.44pt x 289.08pt>
File: images/light1.png Graphic file (type png)
 <use images/light1.png>
<images/light2.png, id=117, 385.44pt x 289.08pt>
File: images/light2.png Graphic file (type png)
 <use images/light2.png>
<images/light3.png, id=118, 385.44pt x 289.08pt>
File: images/light3.png Graphic file (type png)
 <use images/light3.png>
<images/lightB1.png, id=119, 385.44pt x 289.08pt>
File: images/lightB1.png Graphic file (type png)
 <use images/lightB1.png>
<images/lightB2.png, id=120, 385.44pt x 289.08pt>
File: images/lightB2.png Graphic file (type png)
 <use images/lightB2.png>
[6] [7 <images/pressure_plot.pdf>] [8 <images/light1.png (PNG copy)> <images/li
ght2.png (PNG copy)> <images/light3.png (PNG copy)> <images/lightB1.png (PNG co
py)> <images/lightB2.png (PNG copy)>] (paper.bbl
Missing character: There is no – in font cmr10!
Missing character: There is no – in font cmr10!
 [9]) [10] (paper.aux) ) 
Here is how much of TeX's memory you used:
 1251 strings out of 95342
 16006 string characters out of 1184341
 66898 words of memory out of 1500000
 4445 multiletter control sequences out of 110000
 10672 words of font info for 37 fonts, out of 3000000 for 5000
 14 hyphenation exceptions out of 8191
 25i,8n,24p,411b,240s stack positions out of 5000i,500n,10000p,200000b,50000s
<C:/Program Files/MiKTeX 2.7/fonts/type1/bluesky/cm/cmb
x10.pfb><C:/Program Files/MiKTeX 2.7/fonts/type1/bluesky/cm/cmbx12.pfb><C:/Prog
ram Files/MiKTeX 2.7/fonts/type1/bluesky/cm/cmbx9.pfb><C:/Program Files/MiKTeX 
2.7/fonts/type1/bluesky/cm/cmmi10.pfb><C:/Program Files/MiKTeX 2.7/fonts/type1/
bluesky/cm/cmr10.pfb><C:/Program Files/MiKTeX 2.7/fonts/type1/bluesky/cm/cmr12.
pfb><C:/Program Files/MiKTeX 2.7/fonts/type1/bluesky/cm/cmr17.pfb><C:/Program F
iles/MiKTeX 2.7/fonts/type1/bluesky/cm/cmr7.pfb><C:/Program Files/MiKTeX 2.7/fo
nts/type1/bluesky/cm/cmr9.pfb><C:/Program Files/MiKTeX 2.7/fonts/type1/bluesky/
cm/cmss10.pfb><C:/Program Files/MiKTeX 2.7/fonts/type1/bluesky/cm/cmss17.pfb><C
:/Program Files/MiKTeX 2.7/fonts/type1/bluesky/cm/cmss9.pfb><C:/Program Files/M
iKTeX 2.7/fonts/type1/bluesky/cm/cmssbx10.pfb><C:/Program Files/MiKTeX 2.7/font
s/type1/bluesky/cm/cmsy10.pfb><C:/Program Files/MiKTeX 2.7/fonts/type1/bluesky/
cm/cmti10.pfb>
Output written on paper.pdf (10 pages, 2487198 bytes).
PDF statistics:
 190 PDF objects out of 1000 (max. 8388607)
 0 named destinations out of 1000 (max. 131072)
 141 words of extra memory for PDF output out of 10000 (max. 10000000)

