This is TeX, Version 3.14159 (Web2C 7.3) (format=latex 2001.4.23)  22 SEP 2002 15:17
**vision.tex
(vision.tex
LaTeX2e <1999/12/01> patch level 1
Babel <v3.6Z> and hyphenation patterns for american, french, german, ngerman, n
ohyphenation, loaded.
(defs.tex) (/com/tetex-1.0/share/texmf/tex/latex/base/article.cls
Document Class: article 1999/09/10 v1.4a Standard LaTeX document class
(/com/tetex-1.0/share/texmf/tex/latex/base/size10.clo
File: size10.clo 1999/09/10 v1.4a Standard LaTeX file (size option)
)
\c@part=\count79
\c@section=\count80
\c@subsection=\count81
\c@subsubsection=\count82
\c@paragraph=\count83
\c@subparagraph=\count84
\c@figure=\count85
\c@table=\count86
\abovecaptionskip=\skip41
\belowcaptionskip=\skip42
\bibindent=\dimen102
) (setspace.sty
Package: setspace 1998/11/26 6.4 Contributed and Supported LaTeX2e package

Package: `setspace' 6.4 <1998/11/26>
) (/com/tetex-1.0/share/texmf/tex/latex/graphics/graphicx.sty
Package: graphicx 1999/02/16 v1.0f Enhanced LaTeX Graphics (DPC,SPQR)

(/com/tetex-1.0/share/texmf/tex/latex/graphics/keyval.sty
Package: keyval 1999/03/16 v1.13 key=value parser (DPC)
\KV@toks@=\toks14
)
(/com/tetex-1.0/share/texmf/tex/latex/graphics/graphics.sty
Package: graphics 1999/02/16 v1.0l Standard LaTeX Graphics (DPC,SPQR)

(/com/tetex-1.0/share/texmf/tex/latex/graphics/trig.sty
Package: trig 1999/03/16 v1.09 sin cos tan (DPC)
)
(/com/tetex-1.0/share/texmf/tex/latex/config/graphics.cfg)
Package graphics Info: Driver file: dvips.def on input line 80.

(/com/tetex-1.0/share/texmf/tex/latex/graphics/dvips.def
File: dvips.def 1999/02/16 v3.0i Driver-dependant file (DPC,SPQR)
))
\Gin@req@height=\dimen103
\Gin@req@width=\dimen104
)
(/com/tetex-1.0/share/texmf/tex/generic/misc/psfig.sty
\@unused=\write3
\ps@stream=\read1
\p@intvaluex=\dimen105
\p@intvaluey=\dimen106

psfig/tex 1.10-dvips
)

LaTeX Warning: Unused global option(s):
    [a4].

(vision.aux)
\openout1 = `vision.aux'.

LaTeX Font Info:    Checking defaults for OML/cmm/m/it on input line 62.
LaTeX Font Info:    ... okay on input line 62.
LaTeX Font Info:    Checking defaults for T1/cmr/m/n on input line 62.
LaTeX Font Info:    ... okay on input line 62.
LaTeX Font Info:    Checking defaults for OT1/cmr/m/n on input line 62.
LaTeX Font Info:    ... okay on input line 62.
LaTeX Font Info:    Checking defaults for OMS/cmsy/m/n on input line 62.
LaTeX Font Info:    ... okay on input line 62.
LaTeX Font Info:    Checking defaults for OMX/cmex/m/n on input line 62.
LaTeX Font Info:    ... okay on input line 62.
LaTeX Font Info:    Checking defaults for U/cmr/m/n on input line 62.
LaTeX Font Info:    ... okay on input line 62.
 (section-abstract.tex) (section-introduction.tex [1


]
LaTeX Font Info:    External font `cmex10' loaded for size
(Font)              <7> on input line 129.
LaTeX Font Info:    External font `cmex10' loaded for size
(Font)              <5> on input line 129.

Underfull \hbox (badness 2418) in paragraph at lines 132--132
[]\OT1/cmr/bx/n/10 sensorimotor co-or-
 []


Underfull \hbox (badness 4543) in paragraph at lines 134--134
[]\OT1/cmr/bx/n/10 mirror rep-re-sen-ta-
 []

[2] [3]
File: number-cross.eps Graphic file (type eps)
 <number-cross.eps>
File: setup-sequence.eps Graphic file (type eps)
 <setup-sequence.eps> (section-bio.tex [4]
File: brain-schema.eps Graphic file (type eps)

<brain-schema.eps> [5] [6] [7] [8]
Overfull \hbox (21.80621pt too wide) in paragraph at lines 184--191
[]\OT1/cmr/m/n/10 The sec-ond type of neu-ron iden-ti-fied in F5, the mir-ror n
eu-ron [[]],
 []

[9]) [10] [11] [12]
Underfull \hbox (badness 5652) in paragraph at lines 333--333
[]\OT1/cmr/bx/n/10 complex cau-sa-tion
 []


Underfull \hbox (badness 10000) in paragraph at lines 333--333
\OT1/cmr/bx/n/10 in-volv-ing mul-ti-ple
 []


Underfull \hbox (badness 10000) in paragraph at lines 333--333
[]\OT1/cmr/m/n/10 VC-AIP-F5-
 []


Underfull \hbox (badness 5652) in paragraph at lines 334--334
[]\OT1/cmr/bx/n/10 complex cau-sa-tion
 []


Underfull \hbox (badness 10000) in paragraph at lines 334--334
\OT1/cmr/bx/n/10 in-volv-ing mul-ti-
 []


Underfull \hbox (badness 10000) in paragraph at lines 334--334
\OT1/cmr/bx/n/10 ple in-stances of
 []

) (section-robot.tex
Overfull \hbox (44.33409pt too wide) in paragraph at lines 4--17
\OT1/cmr/m/n/10 This work is im-ple-mented on the robot Cog, an up-per torso hu
-manoid [[]].
 []

File: cog-schematic.eps Graphic file (type eps)
<cog-schematic.eps> [13]) (section-where.tex [14]
File: arm-detection-all.eps Graphic file (type eps)
 <arm-detection-all.eps>
Overfull \hbox (1.25066pt too wide) in paragraph at lines 62--74
\OT1/cmr/m/n/10 point to the arm mo-tor com-mands needed to reach that point [[
]]
 []


Overfull \hbox (76.82024pt too wide) in paragraph at lines 62--74
\OT1/cmr/m/n/10 us-ing a stereo-typed tra-jec-tory, per-haps us-ing pos-tu-ral 
prim-i-tives [[]].
 []


Overfull \hbox (29.6304pt too wide) in paragraph at lines 62--74
\OT1/cmr/m/n/10 ing dif-fer-ent com-bi-na-tions of di-rec-tion of gaze vs. arm 
po-si-tion [[],
 []

[15] [16] [17] [18]
File: predict-position.eps Graphic file (type eps)
 <predict-position.eps>) (section-poking.tex
File: poking-sequence.eps Graphic file (type eps)

<poking-sequence.eps> [19] [20] [21]
File: cube-and-cylinder.eps Graphic file (type eps)
 <cube-and-cylinder.eps> [22]
(section-segmentation.tex
File: cut-graph1.eps Graphic file (type eps)
 <cut-graph1.eps>
File: cut-graph2.eps Graphic file (type eps)
 <cut-graph2.eps>
File: segmentation-detail.eps Graphic file (type eps)

<segmentation-detail.eps>
File: experiment-montage.eps Graphic file (type eps)
 <experiment-montage.eps>) (section-contact.tex
[23] [24]
File: collision-detail.eps Graphic file (type eps)
 <collision-detail.eps>) (section-manipulator.tex [25]
File: manipulator-segment.eps Graphic file (type eps)

<manipulator-segment.eps>)) (section-mirror.tex [26] [27]
File: affordances.eps Graphic file (type eps)
 <affordances.eps>
[28] [29]
File: actions.eps Graphic file (type eps)
 <actions.eps> [30]
File: observed-action.eps Graphic file (type eps)
 <observed-action.eps> [31]
File: mimicked-action.eps Graphic file (type eps)
 <mimicked-action.eps>
[32]
File: mirror-cog.eps Graphic file (type eps)
 <mirror-cog.eps>) (section-conclusions.tex [33])
(section-acknowledgement.tex
Overfull \hbox (11.94518pt too wide) in paragraph at lines 8--15
\OT1/cmr/m/n/10 Many peo-ple have con-tributed to de-vel-op-ing the Cog plat-fo
rm [[]].
 []

) (section-references.tex (vision.bbl
Underfull \hbox (badness 5105) in paragraph at lines 4--8
[]\OT1/cmr/m/n/10 Bekkering, H. and Wohlschlager, A.
 []

[34] [35]
Underfull \hbox (badness 2150) in paragraph at lines 66--69
[]\OT1/cmr/m/n/10 Graziano, M. S. A., Cooke, D. F., and Tay-lor,
 []

[36] [37])) (section-extras.tex
File: tracing_causes.eps Graphic file (type eps)
 <tracing_causes.eps> [38]) (section-rolling.tex
File: rolling-motivate.eps Graphic file (type eps)
<rolling-motivate.eps>
File: rolling-graphs.eps Graphic file (type eps)
 <rolling-graphs.eps>) [39] [40] [41] [42] [43] [44]
[45] [46] [47] (vision.aux)

LaTeX Warning: Label(s) may have changed. Rerun to get cross-references right.

 ) 
Here is how much of TeX's memory you used:
 910 strings out of 10901
 10900 string characters out of 72252
 61116 words of memory out of 263001
 3832 multiletter control sequences out of 10000+0
 6125 words of font info for 22 fonts, out of 200000 for 1000
 14 hyphenation exceptions out of 1000
 25i,10n,21p,742b,373s stack positions out of 300i,100n,500p,30000b,4000s

Output written on vision.dvi (47 pages, 87660 bytes).
