This is pdfTeX, Version 3.1415926-1.40.9 (MiKTeX 2.7) (preloaded format=pdflatex 2009.6.4)  6 OCT 2009 15:50
entering extended mode
**X:/Archivio/Work/Science/papers/pami07/paper.tex
(X:/Archivio/Work/Science/papers/pami07/paper.tex
LaTeX2e <2005/12/01>
Babel <v3.8l> and hyphenation patterns for english, dumylang, nohyphenation, fr
ench, loaded.
(elsart.cls
Document Class: elsart 2007/08/16, 2.20: Elsevier
\@frontmatterwidth=\dimen102
\@bls=\dimen103
\eqntopsep=\skip41
\eqnarraycolsep=\dimen104
\labelwidthi=\dimen105
\labelwidthii=\dimen106
\labelwidthiii=\dimen107
\labelwidthiv=\dimen108
\@maxlistdepth=\count79
\eqnbaselineskip=\skip42
\eqnlineskip=\skip43
\mathindent=\dimen109
\rulepreskip=\dimen110
\rulepostskip=\dimen111
\c@section=\count80
\c@subsection=\count81
\c@subsubsection=\count82
\c@paragraph=\count83
\c@subparagraph=\count84
("C:\Program Files\MiKTeX 2.7\tex\latex\base\latexsym.sty"
Package: latexsym 1998/08/17 v2.2e Standard LaTeX package (lasy symbols)
\symlasy=\mathgroup4
LaTeX Font Info:    Overwriting symbol font `lasy' in version `bold'
(Font)                  U/lasy/m/n --> U/lasy/b/n on input line 47.
)
\c@thm=\count85
\c@alg=\count86
\c@algorithm=\count87
\c@note=\count88
\c@summ=\count89
\c@case=\count90
\@tempcntc=\count91
\c@figure=\count92
\c@table=\count93
\t@glob@notes=\toks14
\t@loc@notes=\toks15
\note@cnt=\count94
\corauth@text=\toks16
\email@text=\toks17
\url@text=\toks18
\c@corauth=\count95
\c@author=\count96
\n@author=\count97
\c@collab=\count98
\n@collab=\count99
\c@address=\count100
\sv@mathsurround=\dimen112
\sv@hyphenpenalty=\count101
\prev@elem=\count102
\cur@elem=\count103
\fm@box=\box26
\fm@size=\dimen113
\t@abstract=\box27
\t@keyword=\box28
\t@xtheight=\dimen114
\@logoheight=\dimen115
\@pubyear=\count104
\c@firstpage=\count105
\c@lastpage=\count106
\slashbox=\box29
LaTeX Font Info:    External font `cmex10' loaded for size
(Font)              <12> on input line 1415.
LaTeX Font Info:    External font `cmex10' loaded for size
(Font)              <8> on input line 1415.
LaTeX Font Info:    External font `cmex10' loaded for size
(Font)              <6> on input line 1415.
LaTeX Font Info:    Try loading font information for U+lasy on input line 1415.


("C:\Program Files\MiKTeX 2.7\tex\latex\base\ulasy.fd"
File: ulasy.fd 1998/08/17 v2.2e LaTeX symbol font definitions
)
\Slashbox=\box30
LaTeX Font Info:    External font `cmex10' loaded for size
(Font)              <14.4> on input line 1416.
LaTeX Font Info:    External font `cmex10' loaded for size
(Font)              <7> on input line 1416.
)
("C:\Program Files\MiKTeX 2.7\tex\latex\psnfss\times.sty"
Package: times 2005/04/12 PSNFSS-v9.2a (SPQR) 
)
("C:\Program Files\MiKTeX 2.7\tex\latex\graphics\epsfig.sty"
Package: epsfig 1999/02/16 v1.7a (e)psfig emulation (SPQR)

("C:\Program Files\MiKTeX 2.7\tex\latex\graphics\graphicx.sty"
Package: graphicx 1999/02/16 v1.0f Enhanced LaTeX Graphics (DPC,SPQR)

("C:\Program Files\MiKTeX 2.7\tex\latex\graphics\keyval.sty"
Package: keyval 1999/03/16 v1.13 key=value parser (DPC)
\KV@toks@=\toks19
)
("C:\Program Files\MiKTeX 2.7\tex\latex\graphics\graphics.sty"
Package: graphics 2006/02/20 v1.0o Standard LaTeX Graphics (DPC,SPQR)

("C:\Program Files\MiKTeX 2.7\tex\latex\graphics\trig.sty"
Package: trig 1999/03/16 v1.09 sin cos tan (DPC)
)
("C:\Program Files\MiKTeX 2.7\tex\latex\00miktex\graphics.cfg"
File: graphics.cfg 2007/01/18 v1.5 graphics configuration of teTeX/TeXLive
)
Package graphics Info: Driver file: pdftex.def on input line 90.

("C:\Program Files\MiKTeX 2.7\tex\latex\pdftex-def\pdftex.def"
File: pdftex.def 2008/09/08 v0.04l Graphics/color for pdfTeX
\Gread@gobject=\count107
))
\Gin@req@height=\dimen116
\Gin@req@width=\dimen117
)
\epsfxsize=\dimen118
\epsfysize=\dimen119
)
("C:\Program Files\MiKTeX 2.7\tex\latex\amsmath\amsmath.sty"
Package: amsmath 2000/07/18 v2.13 AMS math features
\@mathmargin=\skip44

For additional information on amsmath, use the `?' option.
("C:\Program Files\MiKTeX 2.7\tex\latex\amsmath\amstext.sty"
Package: amstext 2000/06/29 v2.01

("C:\Program Files\MiKTeX 2.7\tex\latex\amsmath\amsgen.sty"
File: amsgen.sty 1999/11/30 v2.0
\@emptytoks=\toks20
\ex@=\dimen120
))
("C:\Program Files\MiKTeX 2.7\tex\latex\amsmath\amsbsy.sty"
Package: amsbsy 1999/11/29 v1.2d
\pmbraise@=\dimen121
)
("C:\Program Files\MiKTeX 2.7\tex\latex\amsmath\amsopn.sty"
Package: amsopn 1999/12/14 v2.01 operator names
LaTeX Info: Redefining \operatorname on input line 58.
)
\inf@bad=\count108
LaTeX Info: Redefining \frac on input line 211.
\uproot@=\count109
\leftroot@=\count110
LaTeX Info: Redefining \overline on input line 307.
\classnum@=\count111
\DOTSCASE@=\count112
LaTeX Info: Redefining \ldots on input line 379.
LaTeX Info: Redefining \dots on input line 382.
LaTeX Info: Redefining \cdots on input line 467.
\Mathstrutbox@=\box31
\strutbox@=\box32
\big@size=\dimen122
LaTeX Font Info:    Redeclaring font encoding OML on input line 567.
LaTeX Font Info:    Redeclaring font encoding OMS on input line 568.
\macc@depth=\count113
\c@MaxMatrixCols=\count114
\dotsspace@=\muskip10
\c@parentequation=\count115
\dspbrk@lvl=\count116
\tag@help=\toks21
\row@=\count117
\column@=\count118
\maxfields@=\count119
\andhelp@=\toks22
\eqnshift@=\dimen123
\alignsep@=\dimen124
\tagshift@=\dimen125
\tagwidth@=\dimen126
\totwidth@=\dimen127
\lineht@=\dimen128
\@envbody=\toks23
\multlinegap=\skip45
\multlinetaggap=\skip46
\mathdisplay@stack=\toks24
LaTeX Info: Redefining \[ on input line 2666.
LaTeX Info: Redefining \] on input line 2667.
)
("C:\Program Files\MiKTeX 2.7\tex\latex\amsfonts\amssymb.sty"
Package: amssymb 2002/01/22 v2.2d

("C:\Program Files\MiKTeX 2.7\tex\latex\amsfonts\amsfonts.sty"
Package: amsfonts 2001/10/25 v2.2f
LaTeX Font Info:    Try loading font information for OMX+cmex on input line 76.


("C:\Program Files\MiKTeX 2.7\tex\latex\base\omxcmex.fd"
File: omxcmex.fd 1999/05/25 v2.5h Standard LaTeX font definitions
)
\symAMSa=\mathgroup5
\symAMSb=\mathgroup6
LaTeX Font Info:    Overwriting math alphabet `\mathfrak' in version `bold'
(Font)                  U/euf/m/n --> U/euf/b/n on input line 132.
))
("C:\Program Files\MiKTeX 2.7\tex\latex\ltxmisc\url.sty"
\Urlmuskip=\muskip11
Package: url 2006/04/12  ver 3.3  Verb mode for urls, etc.
)
("C:\Program Files\MiKTeX 2.7\tex\latex\cite\cite.sty"
LaTeX Info: Redefining \cite on input line 242.
LaTeX Info: Redefining \nocite on input line 313.
Package: cite 2009/04/29  v 5.1
)
("C:\Program Files\MiKTeX 2.7\tex\latex\algorithms\algorithm.sty"
Package: algorithm 

Document Style `algorithm' - floating environment
("C:\Program Files\MiKTeX 2.7\tex\latex\float\float.sty"
Package: float 2001/11/08 v1.3d Float enhancements (AL)
\c@float@type=\count120
\float@exts=\toks25
\float@box=\box33
\@float@everytoks=\toks26
\@floatcapt=\box34
)
("C:\Program Files\MiKTeX 2.7\tex\latex\base\ifthen.sty"
Package: ifthen 2001/05/26 v1.1c Standard LaTeX ifthen package (DPC)
)
\@float@every@algorithm=\toks27
)
("C:\Program Files\MiKTeX 2.7\tex\latex\algorithms\algorithmic.sty"
Package: algorithmic 2006/06/02

Document Style `algorithmic' - environment
("C:\Program Files\MiKTeX 2.7\tex\latex\tools\calc.sty"
Package: calc 2005/08/06 v4.2 Infix arithmetic (KKT,FJ)
\calc@Acount=\count121
\calc@Bcount=\count122
\calc@Adimen=\dimen129
\calc@Bdimen=\dimen130
\calc@Askip=\skip47
\calc@Bskip=\skip48
LaTeX Info: Redefining \setlength on input line 75.
LaTeX Info: Redefining \addtolength on input line 76.
\calc@Ccount=\count123
\calc@Cskip=\skip49
)
\c@ALC@line=\count124
\c@ALC@rem=\count125
\c@ALC@depth=\count126
\ALC@tlm=\skip50
\algorithmicindent=\skip51
)
\c@teorema=\count127
 (paper.aux)
LaTeX Font Info:    Checking defaults for OML/cmm/m/it on input line 33.
LaTeX Font Info:    ... okay on input line 33.
LaTeX Font Info:    Checking defaults for T1/cmr/m/n on input line 33.
LaTeX Font Info:    ... okay on input line 33.
LaTeX Font Info:    Checking defaults for OT1/cmr/m/n on input line 33.
LaTeX Font Info:    ... okay on input line 33.
LaTeX Font Info:    Checking defaults for OMS/cmsy/m/n on input line 33.
LaTeX Font Info:    ... okay on input line 33.
LaTeX Font Info:    Checking defaults for OMX/cmex/m/n on input line 33.
LaTeX Font Info:    ... okay on input line 33.
LaTeX Font Info:    Checking defaults for U/cmr/m/n on input line 33.
LaTeX Font Info:    ... okay on input line 33.
LaTeX Font Info:    Try loading font information for OT1+ptm on input line 33.

("C:\Program Files\MiKTeX 2.7\tex\latex\psnfss\ot1ptm.fd"
File: ot1ptm.fd 2001/06/04 font definitions for OT1/ptm.
)
("C:\Program Files\MiKTeX 2.7\tex\context\base\supp-pdf.tex"
[Loading MPS to PDF converter (version 2006.09.02).]
\scratchcounter=\count128
\scratchdimen=\dimen131
\scratchbox=\box35
\nofMPsegments=\count129
\nofMParguments=\count130
\everyMPshowfont=\toks28
\MPscratchCnt=\count131
\MPscratchDim=\dimen132
\MPnumerator=\count132
\everyMPtoPDFconversion=\toks29
)
LaTeX Font Info:    Font shape `OT1/ptm/bx/n' in size <17.28> not available
(Font)              Font shape `OT1/ptm/b/n' tried instead on input line 37.
LaTeX Font Info:    External font `cmex10' loaded for size
(Font)              <17.28> on input line 37.
LaTeX Font Info:    External font `cmex10' loaded for size
(Font)              <10> on input line 37.
LaTeX Font Info:    External font `cmex10' loaded for size
(Font)              <10.95> on input line 52.
LaTeX Font Info:    Font shape `OT1/ptm/bx/n' in size <10.95> not available
(Font)              Font shape `OT1/ptm/b/n' tried instead on input line 58.
 (paper_abstract.tex)
\c@sv@footnote=\count133
 [1{C:/Documents and Settings/All Users/Application Data/MiKTeX/2.7/pdftex/conf
ig/pdftex.map}]
LaTeX Font Info:    Try loading font information for OT1+pcr on input line 66.

("C:\Program Files\MiKTeX 2.7\tex\latex\psnfss\ot1pcr.fd"
File: ot1pcr.fd 2001/06/04 font definitions for OT1/pcr.
)
LaTeX Font Info:    Font shape `OT1/ptm/bx/n' in size <12> not available
(Font)              Font shape `OT1/ptm/b/n' tried instead on input line 68.

(paper_introduction.tex [2]
Underfull \vbox (badness 1728) has occurred while \output is active []

 [3])
(paper_SVM.tex [4] [5]
Underfull \vbox (badness 3612) has occurred while \output is active []

 [6]
[7]
LaTeX Font Info:    Font shape `U/lasy/b/n' in size <8> not available
(Font)              Font shape `U/lasy/m/n' tried instead on input line 147.
LaTeX Font Info:    Font shape `U/lasy/b/n' in size <6> not available
(Font)              Font shape `U/lasy/m/n' tried instead on input line 147.
 [8] [9] [10] [11]
LaTeX Font Info:    Try loading font information for OMS+ptm on input line 350.

 ("C:\Program Files\MiKTeX 2.7\tex\latex\psnfss\omsptm.fd"
File: omsptm.fd 
)
LaTeX Font Info:    Font shape `OMS/ptm/m/n' in size <12> not available
(Font)              Font shape `OMS/cmsy/m/n' tried instead on input line 350.

Underfull \vbox (badness 2837) has occurred while \output is active []

 [12]
Underfull \vbox (badness 1728) has occurred while \output is active []

 [13]
[14]) (paper_exp.tex [15]) (paper_exp1.tex
Underfull \hbox (badness 10000) in paragraph at lines 3--3
[][]\OT1/ptm/m/n/10.95 Available at $\OT1/pcr/m/n/10.95 http : / / www . csie .
 ntu . edu . tw / []cjlin / libsvmtools /
 []

[16] <figs/results/diabetis_sv.pdf, id=74, 519.9425pt x 427.5975pt>
File: figs/results/diabetis_sv.pdf Graphic file (type pdf)

<use figs/results/diabetis_sv.pdf>
<figs/results/adult7_sv.pdf, id=75, 519.9425pt x 427.5975pt>
File: figs/results/adult7_sv.pdf Graphic file (type pdf)

<use figs/results/adult7_sv.pdf>
Overfull \hbox (8.15662pt too wide) in paragraph at lines 42--49
 [][] 
 []

<figs/results/adult7_sv_cr.pdf, id=76, 523.9575pt x 432.61626pt>
File: figs/results/adult7_sv_cr.pdf Graphic file (type pdf)

<use figs/results/adult7_sv_cr.pdf>
LaTeX Font Info:    External font `cmex10' loaded for size
(Font)              <5> on input line 69.

Underfull \vbox (badness 10000) has occurred while \output is active []

 [17]
[18 <figs/results/diabetis_sv.pdf> <figs/results/adult7_sv.pdf> <figs/results/a
dult7_sv_cr.pdf>]
Underfull \hbox (badness 10000) in paragraph at lines 129--129
[][]\OT1/ptm/m/n/10.95 The val-ues of $\OML/cmm/m/it/10.95 $ \OT1/ptm/m/n/10.9
5 for the 3 datasets are re-spec-tively
 []


Overfull \hbox (13.71234pt too wide) in paragraph at lines 129--129
\OT1/cmr/m/n/10.95 [0\OML/cmm/m/it/10.95 :\OT1/cmr/m/n/10.95 4; 0\OML/cmm/m/it/
10.95 :\OT1/cmr/m/n/10.95 3; 0\OML/cmm/m/it/10.95 :\OT1/cmr/m/n/10.95 2; 0\OML/
cmm/m/it/10.95 :\OT1/cmr/m/n/10.95 1; 0\OML/cmm/m/it/10.95 :\OT1/cmr/m/n/10.95 
05; 0\OML/cmm/m/it/10.95 :\OT1/cmr/m/n/10.95 01]\OML/cmm/m/it/10.95 ; \OT1/cmr/
m/n/10.95 [0\OML/cmm/m/it/10.95 :\OT1/cmr/m/n/10.95 7; 0\OML/cmm/m/it/10.95 :\O
T1/cmr/m/n/10.95 6; 0\OML/cmm/m/it/10.95 :\OT1/cmr/m/n/10.95 5; 0\OML/cmm/m/it/
10.95 :\OT1/cmr/m/n/10.95 4; 0\OML/cmm/m/it/10.95 :\OT1/cmr/m/n/10.95 3; 0\OML/
cmm/m/it/10.95 :\OT1/cmr/m/n/10.95 2; 0\OML/cmm/m/it/10.95 :\OT1/cmr/m/n/10.95 
1; 0\OML/cmm/m/it/10.95 :\OT1/cmr/m/n/10.95 01]\OML/cmm/m/it/10.95 ; \OT1/cmr/m
/n/10.95 [0\OML/cmm/m/it/10.95 :\OT1/cmr/m/n/10.95 8; 0\OML/cmm/m/it/10.95 :\OT
1/cmr/m/n/10.95 7; 0\OML/cmm/m/it/10.95 :\OT1/cmr/m/n/10.95 6; 0\OML/cmm/m/it/1
0.95 :\OT1/cmr/m/n/10.95 5; 0\OML/cmm/m/it/10.95 :\OT1/cmr/m/n/10.95 4; 0\OML/c
mm/m/it/10.95 :\OT1/cmr/m/n/10.95 3]$\OT1/ptm/m/n/10.95 .| 
 []

[19] <figs/results/fig_a7a.pdf, id=103, 523.9575pt x 432.61626pt>
File: figs/results/fig_a7a.pdf Graphic file (type pdf)

<use figs/results/fig_a7a.pdf>
<figs/results/fig_banana.pdf, id=104, 523.9575pt x 432.61626pt>
File: figs/results/fig_banana.pdf Graphic file (type pdf)

<use figs/results/fig_banana.pdf>
<figs/results/fig_waveform.pdf, id=105, 523.9575pt x 432.61626pt>
File: figs/results/fig_waveform.pdf Graphic file (type pdf)

<use figs/results/fig_waveform.pdf>
Overfull \hbox (8.15662pt too wide) in paragraph at lines 167--176
 [][] 
 []

) (paper_exp2.tex <figs/idol/bo_cloudy.png, id=106, 310.15875pt x 240.9pt>
File: figs/idol/bo_cloudy.png Graphic file (type png)

<use figs/idol/bo_cloudy.png>
<figs/idol/bo_night.png, id=107, 310.15875pt x 240.9pt>
File: figs/idol/bo_night.png Graphic file (type png)

<use figs/idol/bo_night.png>
<figs/idol/bo_sunny.png, id=108, 310.15875pt x 240.9pt>
File: figs/idol/bo_sunny.png Graphic file (type png)

<use figs/idol/bo_sunny.png>
<figs/idol/cr_cloudy.png, id=109, 310.15875pt x 240.9pt>
File: figs/idol/cr_cloudy.png Graphic file (type png)

<use figs/idol/cr_cloudy.png>
<figs/idol/cr_night.png, id=110, 310.15875pt x 240.9pt>
File: figs/idol/cr_night.png Graphic file (type png)

<use figs/idol/cr_night.png>
<figs/idol/cr_sunny.png, id=111, 310.15875pt x 240.9pt>
File: figs/idol/cr_sunny.png Graphic file (type png)

<use figs/idol/cr_sunny.png>
<figs/idol/people1.png, id=112, 310.15875pt x 240.9pt>
File: figs/idol/people1.png Graphic file (type png)

<use figs/idol/people1.png>
<figs/idol/people2.png, id=113, 310.15875pt x 240.9pt>
File: figs/idol/people2.png Graphic file (type png)

<use figs/idol/people2.png>
<figs/idol/cup1.png, id=114, 310.15875pt x 240.9pt>
File: figs/idol/cup1.png Graphic file (type png)
 <use figs/idol/cup1.png>
<figs/idol/cup3.png, id=115, 310.15875pt x 240.9pt>
File: figs/idol/cup3.png Graphic file (type png)
 <use figs/idol/cup3.png>
<figs/idol/chair1.png, id=116, 310.15875pt x 240.9pt>
File: figs/idol/chair1.png Graphic file (type png)

<use figs/idol/chair1.png>
<figs/idol/chair3.png, id=117, 310.15875pt x 240.9pt>
File: figs/idol/chair3.png Graphic file (type png)

<use figs/idol/chair3.png>
<figs/idol/time1.png, id=118, 310.15875pt x 240.9pt>
File: figs/idol/time1.png Graphic file (type png)
 <use figs/idol/time1.png>
<figs/idol/time2.png, id=119, 310.15875pt x 240.9pt>
File: figs/idol/time2.png Graphic file (type png)
 <use figs/idol/time2.png>
<figs/idol/time3.png, id=120, 310.15875pt x 240.9pt>
File: figs/idol/time3.png Graphic file (type png)
 <use figs/idol/time3.png>
<figs/idol/time4.png, id=121, 310.15875pt x 240.9pt>
File: figs/idol/time4.png Graphic file (type png)
 <use figs/idol/time4.png>
<figs/idol/drive1.png, id=122, 310.15875pt x 240.9pt>
File: figs/idol/drive1.png Graphic file (type png)

<use figs/idol/drive1.png>
<figs/idol/drive2.png, id=123, 310.15875pt x 240.9pt>
File: figs/idol/drive2.png Graphic file (type png)

<use figs/idol/drive2.png>
<figs/idol/drive3.png, id=124, 310.15875pt x 240.9pt>
File: figs/idol/drive3.png Graphic file (type png)

<use figs/idol/drive3.png>
<figs/idol/drive4.png, id=125, 310.15875pt x 240.9pt>
File: figs/idol/drive4.png Graphic file (type png)

<use figs/idol/drive4.png>
<figs/idol/drive5.png, id=126, 310.15875pt x 240.9pt>
File: figs/idol/drive5.png Graphic file (type png)

<use figs/idol/drive5.png>
<figs/idol/drive6.png, id=127, 310.15875pt x 240.9pt>
File: figs/idol/drive6.png Graphic file (type png)

<use figs/idol/drive6.png>
<figs/idol/drive7.png, id=128, 310.15875pt x 240.9pt>
File: figs/idol/drive7.png Graphic file (type png)

<use figs/idol/drive7.png>
<figs/idol/drive8.png, id=129, 310.15875pt x 240.9pt>
File: figs/idol/drive8.png Graphic file (type png)

<use figs/idol/drive8.png> [20]
Underfull \vbox (badness 10000) has occurred while \output is active []

 [21]
Underfull \vbox (badness 4608) has occurred while \output is active []

 [22 <figs/results/fig_a7a.pdf> <figs/results/fig_banana.pdf> <figs/results/fig
_waveform.pdf>] [23 <figs/idol/bo_cloudy.png (PNG copy)> <figs/idol/bo_night.pn
g (PNG copy)> <figs/idol/bo_sunny.png (PNG copy)> <figs/idol/cr_cloudy.png (PNG
 copy)> <figs/idol/cr_night.png (PNG copy)> <figs/idol/cr_sunny.png (PNG copy)>
 <figs/idol/people1.png (PNG copy)> <figs/idol/people2.png (PNG copy)> <figs/id
ol/cup1.png (PNG copy)> <figs/idol/cup3.png (PNG copy)> <figs/idol/chair1.png (
PNG copy)> <figs/idol/chair3.png (PNG copy)> <figs/idol/time1.png (PNG copy)> <
figs/idol/time2.png (PNG copy)> <figs/idol/time3.png (PNG copy)> <figs/idol/tim
e4.png (PNG copy)> <figs/idol/drive1.png (PNG copy)> <figs/idol/drive2.png (PNG
 copy)> <figs/idol/drive3.png (PNG copy)> <figs/idol/drive4.png (PNG copy)> <fi
gs/idol/drive5.png (PNG copy)> <figs/idol/drive6.png (PNG copy)> <figs/idol/dri
ve7.png (PNG copy)> <figs/idol/drive8.png (PNG copy)>]
Underfull \vbox (badness 10000) has occurred while \output is active []

 [24]
<figs/results/chi_cr.pdf, id=154, 506.89375pt x 406.51875pt>
File: figs/results/chi_cr.pdf Graphic file (type pdf)

<use figs/results/chi_cr.pdf>
<figs/results/chi_sv.pdf, id=155, 524.96124pt x 406.51875pt>
File: figs/results/chi_sv.pdf Graphic file (type pdf)

<use figs/results/chi_sv.pdf>
<figs/results/local_cr.pdf, id=156, 506.89375pt x 406.51875pt>
File: figs/results/local_cr.pdf Graphic file (type pdf)

<use figs/results/local_cr.pdf>
<figs/results/local_sv.pdf, id=157, 524.96124pt x 406.51875pt>
File: figs/results/local_sv.pdf Graphic file (type pdf)

<use figs/results/local_sv.pdf>
Overfull \hbox (2.46733pt too wide) in paragraph at lines 153--159
 [][] 
 []

) (paper_exp3.tex
Underfull \vbox (badness 10000) has occurred while \output is active []

 [25 <figs/results/chi_cr.pdf> <figs/results/chi_sv.pdf> <figs/results/local_cr
.pdf> <figs/results/local_sv.pdf>]
<figs/grasping/devices1.jpg, id=186, 396.7322pt x 252.19218pt>
File: figs/grasping/devices1.jpg Graphic file (type jpg)

<use figs/grasping/devices1.jpg>
<figs/grasping/devices2.jpg, id=187, 569.87906pt x 364.36125pt>
File: figs/grasping/devices2.jpg Graphic file (type jpg)

<use figs/grasping/devices2.jpg>
<figs/grasping/beer.jpg, id=188, 260.47313pt x 350.05782pt>
File: figs/grasping/beer.jpg Graphic file (type jpg)

<use figs/grasping/beer.jpg>
<figs/grasping/scotch.jpg, id=189, 456.95718pt x 503.63156pt>
File: figs/grasping/scotch.jpg Graphic file (type jpg)

<use figs/grasping/scotch.jpg>
<figs/grasping/mug.jpg, id=190, 459.21562pt x 502.12593pt>
File: figs/grasping/mug.jpg Graphic file (type jpg)

<use figs/grasping/mug.jpg>
<figs/grasping/grasp1.jpg, id=191, 1606.0pt x 1204.5pt>
File: figs/grasping/grasp1.jpg Graphic file (type jpg)

<use figs/grasping/grasp1.jpg>
<figs/grasping/grasp2.jpg, id=192, 1606.0pt x 1204.5pt>
File: figs/grasping/grasp2.jpg Graphic file (type jpg)

<use figs/grasping/grasp2.jpg>
<figs/grasping/grasp3.jpg, id=193, 1606.0pt x 1204.5pt>
File: figs/grasping/grasp3.jpg Graphic file (type jpg)

<use figs/grasping/grasp3.jpg>
<figs/grasping/grasp4.jpg, id=194, 1606.0pt x 1204.5pt>
File: figs/grasping/grasp4.jpg Graphic file (type jpg)

<use figs/grasping/grasp4.jpg>
<figs/grasping/grasp5.jpg, id=195, 1606.0pt x 1204.5pt>
File: figs/grasping/grasp5.jpg Graphic file (type jpg)

<use figs/grasping/grasp5.jpg> [26 <figs/grasping/devices1.jpg> <figs/grasping/
devices2.jpg> <figs/grasping/beer.jpg> <figs/grasping/scotch.jpg> <figs/graspin
g/mug.jpg> <figs/grasping/grasp1.jpg> <figs/grasping/grasp2.jpg> <figs/grasping
/grasp3.jpg> <figs/grasping/grasp4.jpg> <figs/grasping/grasp5.jpg>]
<figs/results/grasp_cr.pdf, id=199, 501.875pt x 405.515pt>
File: figs/results/grasp_cr.pdf Graphic file (type pdf)

<use figs/results/grasp_cr.pdf>
<figs/results/grasp_sv.pdf, id=200, 519.9425pt x 406.51875pt>
File: figs/results/grasp_sv.pdf Graphic file (type pdf)

<use figs/results/grasp_sv.pdf>
Overfull \hbox (2.46733pt too wide) in paragraph at lines 149--155
 [][] 
 []

) [27 <figs/results/grasp_cr.pdf> <figs/results/grasp_sv.pdf>]
(paper_conclusions.tex [28]) (paper.bbl
Underfull \vbox (badness 10000) has occurred while \output is active []

 [29]
Underfull \hbox (badness 8189) in paragraph at lines 45--49
[]\OT1/ptm/m/n/10.95 C. Domeni-coni and D. Gunop-u-los, ``In-cre-men-tal sup-po
rt vec-tor ma-chine
 []

[30] [31]
Missing character: There is no ï in font ptmr7t!
Missing character: There is no ¿ in font ptmr7t!
Missing character: There is no ½ in font ptmr7t!
 [32]) [33] (paper.aux) ) 
Here is how much of TeX's memory you used:
 3306 strings out of 95342
 40028 string characters out of 1184341
 93653 words of memory out of 1500000
 6380 multiletter control sequences out of 110000
 35026 words of font info for 95 fonts, out of 3000000 for 5000
 14 hyphenation exceptions out of 8191
 32i,13n,24p,684b,539s stack positions out of 5000i,500n,10000p,200000b,50000s
{C:/Program Files/MiKTeX 2.7/fonts/enc/dvips/fontname/
8r.enc}<C:/Program Files/MiKTeX 2.7/fonts/type1/bluesky/cm/cmbx12.pfb><C:/Progr
am Files/MiKTeX 2.7/fonts/type1/bluesky/cm/cmbx8.pfb><C:/Program Files/MiKTeX 2
.7/fonts/type1/bluesky/cm/cmex10.pfb><C:/Program Files/MiKTeX 2.7/fonts/type1/b
luesky/cm/cmmi10.pfb><C:/Program Files/MiKTeX 2.7/fonts/type1/bluesky/cm/cmmi12
.pfb><C:/Program Files/MiKTeX 2.7/fonts/type1/bluesky/cm/cmmi6.pfb><C:/Program 
Files/MiKTeX 2.7/fonts/type1/bluesky/cm/cmmi8.pfb><C:/Program Files/MiKTeX 2.7/
fonts/type1/bluesky/cm/cmmib10.pfb><C:/Program Files/MiKTeX 2.7/fonts/type1/blu
esky/ams/cmmib7.pfb><C:/Program Files/MiKTeX 2.7/fonts/type1/bluesky/cm/cmr10.p
fb><C:/Program Files/MiKTeX 2.7/fonts/type1/bluesky/cm/cmr12.pfb><C:/Program Fi
les/MiKTeX 2.7/fonts/type1/bluesky/cm/cmr6.pfb><C:/Program Files/MiKTeX 2.7/fon
ts/type1/bluesky/cm/cmr8.pfb><C:/Program Files/MiKTeX 2.7/fonts/type1/bluesky/c
m/cmsy10.pfb><C:/Program Files/MiKTeX 2.7/fonts/type1/bluesky/cm/cmsy6.pfb><C:/
Program Files/MiKTeX 2.7/fonts/type1/bluesky/cm/cmsy8.pfb><C:/Program Files/MiK
TeX 2.7/fonts/type1/bluesky/latex-fonts/lasy10.pfb><C:/Program Files/MiKTeX 2.7
/fonts/type1/bluesky/ams/msbm10.pfb><C:/Program Files/MiKTeX 2.7/fonts/type1/ur
w/courier/ucrr8a.pfb><C:/Program Files/MiKTeX 2.7/fonts/type1/urw/times/utmb8a.
pfb><C:/Program Files/MiKTeX 2.7/fonts/type1/urw/times/utmr8a.pfb><C:/Program F
iles/MiKTeX 2.7/fonts/type1/urw/times/utmr8a.pfb><C:/Program Files/MiKTeX 2.7/f
onts/type1/urw/times/utmri8a.pfb>
Output written on paper.pdf (33 pages, 6122032 bytes).
PDF statistics:
 307 PDF objects out of 1000 (max. 8388607)
 0 named destinations out of 1000 (max. 131072)
 231 words of extra memory for PDF output out of 10000 (max. 10000000)

