This is pdfTeXk, Version 3.1415926-1.40.9 (Web2C 7.5.7) (format=pdflatex 2009.2.16)  9 JUN 2009 22:25
entering extended mode
\write18 enabled.
 %&-line parsing enabled.
**paper_iciap.tex
(./paper_iciap.tex
LaTeX2e <2005/12/01>
Babel <v3.8l> and hyphenation patterns for english, usenglishmax, dumylang, noh
yphenation, german-x-2008-06-18, ngerman-x-2008-06-18, ancientgreek, ibycus, ar
abic, basque, bulgarian, catalan, pinyin, coptic, croatian, czech, danish, dutc
h, esperanto, estonian, farsi, finnish, french, galician, german, ngerman, mono
greek, greek, hungarian, icelandic, indonesian, interlingua, irish, italian, la
tin, mongolian, mongolian2a, bokmal, nynorsk, polish, portuguese, romanian, rus
sian, sanskrit, serbian, slovak, slovenian, spanish, swedish, turkish, ukenglis
h, ukrainian, uppersorbian, welsh, loaded.
(./llncs.cls
Document Class: llncs 2004/08/17 v2.14 
 LaTeX document class for Lecture Notes in Computer Science
(/usr/local/texlive/2008/texmf-dist/tex/latex/base/article.cls
Document Class: article 2005/09/16 v1.4f Standard LaTeX document class
(/usr/local/texlive/2008/texmf-dist/tex/latex/base/size10.clo
File: size10.clo 2005/09/16 v1.4f Standard LaTeX file (size option)
)
\c@part=\count79
\c@section=\count80
\c@subsection=\count81
\c@subsubsection=\count82
\c@paragraph=\count83
\c@subparagraph=\count84
\c@figure=\count85
\c@table=\count86
\abovecaptionskip=\skip41
\belowcaptionskip=\skip42
\bibindent=\dimen102
)
(/usr/local/texlive/2008/texmf-dist/tex/latex/tools/multicol.sty
Package: multicol 2006/05/18 v1.6g multicolumn formatting (FMi)
\c@tracingmulticols=\count87
\mult@box=\box26
\multicol@leftmargin=\dimen103
\c@unbalance=\count88
\c@collectmore=\count89
\doublecol@number=\count90
\multicoltolerance=\count91
\multicolpretolerance=\count92
\full@width=\dimen104
\page@free=\dimen105
\premulticols=\dimen106
\postmulticols=\dimen107
\multicolsep=\skip43
\multicolbaselineskip=\skip44
\partial@page=\box27
\last@line=\box28
\mult@rightbox=\box29
\mult@grightbox=\box30
\mult@gfirstbox=\box31
\mult@firstbox=\box32
\@tempa=\box33
\@tempa=\box34
\@tempa=\box35
\@tempa=\box36
\@tempa=\box37
\@tempa=\box38
\@tempa=\box39
\@tempa=\box40
\@tempa=\box41
\@tempa=\box42
\@tempa=\box43
\@tempa=\box44
\@tempa=\box45
\@tempa=\box46
\@tempa=\box47
\@tempa=\box48
\@tempa=\box49
\c@columnbadness=\count93
\c@finalcolumnbadness=\count94
\last@try=\dimen108
\multicolovershoot=\dimen109
\multicolundershoot=\dimen110
\mult@nat@firstbox=\box50
\colbreak@box=\box51
)
\c@chapter=\count95
LaTeX Font Info:    Redeclaring math symbol \Gamma on input line 360.
LaTeX Font Info:    Redeclaring math symbol \Delta on input line 361.
LaTeX Font Info:    Redeclaring math symbol \Theta on input line 362.
LaTeX Font Info:    Redeclaring math symbol \Lambda on input line 363.
LaTeX Font Info:    Redeclaring math symbol \Xi on input line 364.
LaTeX Font Info:    Redeclaring math symbol \Pi on input line 365.
LaTeX Font Info:    Redeclaring math symbol \Sigma on input line 366.
LaTeX Font Info:    Redeclaring math symbol \Upsilon on input line 367.
LaTeX Font Info:    Redeclaring math symbol \Phi on input line 368.
LaTeX Font Info:    Redeclaring math symbol \Psi on input line 369.
LaTeX Font Info:    Redeclaring math symbol \Omega on input line 370.
\tocchpnum=\dimen111
\tocsecnum=\dimen112
\tocsectotal=\dimen113
\tocsubsecnum=\dimen114
\tocsubsectotal=\dimen115
\tocsubsubsecnum=\dimen116
\tocsubsubsectotal=\dimen117
\tocparanum=\dimen118
\tocparatotal=\dimen119
\tocsubparanum=\dimen120
\@tempcntc=\count96
\fnindent=\dimen121
\c@@inst=\count97
\c@@auth=\count98
\c@auco=\count99
\instindent=\dimen122
\authrun=\box52
\authorrunning=\toks14
\tocauthor=\toks15
\titrun=\box53
\titlerunning=\toks16
\toctitle=\toks17
\c@theorem=\count100
\c@case=\count101
\c@conjecture=\count102
\c@corollary=\count103
\c@definition=\count104
\c@example=\count105
\c@exercise=\count106
\c@lemma=\count107
\c@note=\count108
\c@problem=\count109
\c@property=\count110
\c@proposition=\count111
\c@question=\count112
\c@solution=\count113
\c@remark=\count114
\headlineindent=\dimen123
)
(/usr/local/texlive/2008/texmf-dist/tex/latex/amsfonts/amssymb.sty
Package: amssymb 2002/01/22 v2.2d

(/usr/local/texlive/2008/texmf-dist/tex/latex/amsfonts/amsfonts.sty
Package: amsfonts 2001/10/25 v2.2f
\@emptytoks=\toks18
\symAMSa=\mathgroup4
\symAMSb=\mathgroup5
LaTeX Font Info:    Overwriting math alphabet `\mathfrak' in version `bold'
(Font)                  U/euf/m/n --> U/euf/b/n on input line 132.
))
(/usr/local/texlive/2008/texmf-dist/tex/latex/amsmath/amsmath.sty
Package: amsmath 2000/07/18 v2.13 AMS math features
\@mathmargin=\skip45

For additional information on amsmath, use the `?' option.
(/usr/local/texlive/2008/texmf-dist/tex/latex/amsmath/amstext.sty
Package: amstext 2000/06/29 v2.01

(/usr/local/texlive/2008/texmf-dist/tex/latex/amsmath/amsgen.sty
File: amsgen.sty 1999/11/30 v2.0
\@emptytoks=\toks19
\ex@=\dimen124
))
(/usr/local/texlive/2008/texmf-dist/tex/latex/amsmath/amsbsy.sty
Package: amsbsy 1999/11/29 v1.2d
\pmbraise@=\dimen125
)
(/usr/local/texlive/2008/texmf-dist/tex/latex/amsmath/amsopn.sty
Package: amsopn 1999/12/14 v2.01 operator names
)
\inf@bad=\count115
LaTeX Info: Redefining \frac on input line 211.
\uproot@=\count116
\leftroot@=\count117
LaTeX Info: Redefining \overline on input line 307.
\classnum@=\count118
\DOTSCASE@=\count119
LaTeX Info: Redefining \ldots on input line 379.
LaTeX Info: Redefining \dots on input line 382.
LaTeX Info: Redefining \cdots on input line 467.
\Mathstrutbox@=\box54
\strutbox@=\box55
\big@size=\dimen126
LaTeX Font Info:    Redeclaring font encoding OML on input line 567.
LaTeX Font Info:    Redeclaring font encoding OMS on input line 568.


Package amsmath Warning: Unable to redefine math accent \vec.

\macc@depth=\count120
\c@MaxMatrixCols=\count121
\dotsspace@=\muskip10
\c@parentequation=\count122
\dspbrk@lvl=\count123
\tag@help=\toks20
\row@=\count124
\column@=\count125
\maxfields@=\count126
\andhelp@=\toks21
\eqnshift@=\dimen127
\alignsep@=\dimen128
\tagshift@=\dimen129
\tagwidth@=\dimen130
\totwidth@=\dimen131
\lineht@=\dimen132
\@envbody=\toks22
\multlinegap=\skip46
\multlinetaggap=\skip47
\mathdisplay@stack=\toks23
LaTeX Info: Redefining \[ on input line 2666.
LaTeX Info: Redefining \] on input line 2667.
) (/usr/local/texlive/2008/texmf-dist/tex/latex/graphics/graphicx.sty
Package: graphicx 1999/02/16 v1.0f Enhanced LaTeX Graphics (DPC,SPQR)

(/usr/local/texlive/2008/texmf-dist/tex/latex/graphics/keyval.sty
Package: keyval 1999/03/16 v1.13 key=value parser (DPC)
\KV@toks@=\toks24
)
(/usr/local/texlive/2008/texmf-dist/tex/latex/graphics/graphics.sty
Package: graphics 2006/02/20 v1.0o Standard LaTeX Graphics (DPC,SPQR)

(/usr/local/texlive/2008/texmf-dist/tex/latex/graphics/trig.sty
Package: trig 1999/03/16 v1.09 sin cos tan (DPC)
)
(/usr/local/texlive/2008/texmf/tex/latex/config/graphics.cfg
File: graphics.cfg 2007/01/18 v1.5 graphics configuration of teTeX/TeXLive
)
Package graphics Info: Driver file: pdftex.def on input line 90.

(/usr/local/texlive/2008/texmf-dist/tex/latex/pdftex-def/pdftex.def
File: pdftex.def 2008/07/16 v0.04k Graphics/color for pdfTeX
\Gread@gobject=\count127
))
\Gin@req@height=\dimen133
\Gin@req@width=\dimen134
)
(/usr/local/texlive/2008/texmf-dist/tex/latex/wrapfig/wrapfig.sty
\wrapoverhang=\dimen135
\WF@size=\dimen136
\c@WF@wrappedlines=\count128
\WF@box=\box56
\WF@everypar=\toks25
Package: wrapfig 2003/01/31  v 3.6
)
(/usr/local/texlive/2008/texmf-dist/tex/latex/multirow/multirow.sty
\bigstrutjot=\dimen137
)
(/usr/local/texlive/2008/texmf-dist/tex/latex/ltxmisc/url.sty
\Urlmuskip=\muskip11
Package: url 2006/04/12  ver 3.3  Verb mode for urls, etc.
) (./macro.tex)
(./paper_iciap.aux)
\openout1 = `paper_iciap.aux'.

LaTeX Font Info:    Checking defaults for OML/cmm/m/it on input line 37.
LaTeX Font Info:    ... okay on input line 37.
LaTeX Font Info:    Checking defaults for T1/cmr/m/n on input line 37.
LaTeX Font Info:    ... okay on input line 37.
LaTeX Font Info:    Checking defaults for OT1/cmr/m/n on input line 37.
LaTeX Font Info:    ... okay on input line 37.
LaTeX Font Info:    Checking defaults for OMS/cmsy/m/n on input line 37.
LaTeX Font Info:    ... okay on input line 37.
LaTeX Font Info:    Checking defaults for OMX/cmex/m/n on input line 37.
LaTeX Font Info:    ... okay on input line 37.
LaTeX Font Info:    Checking defaults for U/cmr/m/n on input line 37.
LaTeX Font Info:    ... okay on input line 37.

(/usr/local/texlive/2008/texmf-dist/tex/context/base/supp-pdf.tex
[Loading MPS to PDF converter (version 2006.09.02).]
\scratchcounter=\count129
\scratchdimen=\dimen138
\scratchbox=\box57
\nofMPsegments=\count130
\nofMParguments=\count131
\everyMPshowfont=\toks26
\MPscratchCnt=\count132
\MPscratchDim=\dimen139
\MPnumerator=\count133
\everyMPtoPDFconversion=\toks27
)
LaTeX Font Info:    Try loading font information for U+msa on input line 108.
 (/usr/local/texlive/2008/texmf-dist/tex/latex/amsfonts/umsa.fd
File: umsa.fd 2002/01/19 v2.2g AMS font definitions
)
LaTeX Font Info:    Try loading font information for U+msb on input line 108.

(/usr/local/texlive/2008/texmf-dist/tex/latex/amsfonts/umsb.fd
File: umsb.fd 2002/01/19 v2.2g AMS font definitions
)
LaTeX Font Info:    Try loading font information for OMS+cmtt on input line 108
.
LaTeX Font Info:    No file OMScmtt.fd. on input line 108.


LaTeX Font Warning: Font shape `OMS/cmtt/m/n' undefined
(Font)              using `OMS/cmsy/m/n' instead
(Font)              for symbol `textbraceleft' on input line 108.

Title too long for running head. Please supply
a shorter form with \titlerunning prior to \maketitle
Names of authors too long for running head. Please supply
a shorter form with \authorrunning prior to \maketitle
(./introduction.tex [1


{/usr/local/texlive/2008/texmf-var/fonts/map/pdftex/updmap/pdftex.map}]) (./the
oretical_framework.tex
<images_pdf/images/schema_implementazione.pdf, id=14, 458.71375pt x 284.06125pt
>
File: images_pdf/images/schema_implementazione.pdf Graphic file (type pdf)
 <use images_pdf/images/schema_implementazione.pdf>

LaTeX Warning: `!h' float specifier changed to `!ht'.

[2]) (./vision_unit.tex
<images_pdf/images/schema_vision.pdf, id=18, 853.1875pt x 597.23125pt>
File: images_pdf/images/schema_vision.pdf Graphic file (type pdf)

<use images_pdf/images/schema_vision.pdf>)
Underfull \vbox (badness 1297) has occurred while \output is active []

 [3 <./images_pdf/images/schema_implementazione.pdf>] [4 <./images_pdf/images/s
chema_vision.pdf>] (./regression.tex) [5] (./preliminary_experiments.tex
<images_pdf/images/palla.pdf, id=50, 159.59625pt x 205.76875pt>
File: images_pdf/images/palla.pdf Graphic file (type pdf)

<use images_pdf/images/palla.pdf>
<images_pdf/images/penna.pdf, id=51, 149.55875pt x 205.76875pt>
File: images_pdf/images/penna.pdf Graphic file (type pdf)

<use images_pdf/images/penna.pdf>
<images_pdf/images/papera.pdf, id=52, 176.66pt x 205.76875pt>
File: images_pdf/images/papera.pdf Graphic file (type pdf)

<use images_pdf/images/papera.pdf>
<images_pdf/images/porcellino.pdf, id=53, 123.46124pt x 205.76875pt>
File: images_pdf/images/porcellino.pdf Graphic file (type pdf)

<use images_pdf/images/porcellino.pdf>
<images_pdf/images/martello.pdf, id=54, 367.3725pt x 205.76875pt>
File: images_pdf/images/martello.pdf Graphic file (type pdf)

<use images_pdf/images/martello.pdf>
<images_pdf/images/scotch.pdf, id=55, 169.63374pt x 205.76875pt>
File: images_pdf/images/scotch.pdf Graphic file (type pdf)

<use images_pdf/images/scotch.pdf>
<images_pdf/images/lego.pdf, id=56, 188.705pt x 205.76875pt>
File: images_pdf/images/lego.pdf Graphic file (type pdf)

<use images_pdf/images/lego.pdf>
<images_pdf/images/cylinder.pdf, id=57, 148.555pt x 156.585pt>
File: images_pdf/images/cylinder.pdf Graphic file (type pdf)

<use images_pdf/images/cylinder.pdf>
<images_pdf/images/flat.png, id=58, 142.6128pt x 150.3216pt>
File: images_pdf/images/flat.png Graphic file (type png)

<use images_pdf/images/flat.png>
<images_pdf/images/pinch.pdf, id=59, 148.555pt x 156.585pt>
File: images_pdf/images/pinch.pdf Graphic file (type pdf)

<use images_pdf/images/pinch.pdf>
<images_pdf/images/spherical.pdf, id=60, 148.555pt x 156.585pt>
File: images_pdf/images/spherical.pdf Graphic file (type pdf)

<use images_pdf/images/spherical.pdf>
<images_pdf/images/tripodal.pdf, id=61, 148.555pt x 156.585pt>
File: images_pdf/images/tripodal.pdf Graphic file (type pdf)

<use images_pdf/images/tripodal.pdf> [6 <./images_pdf/images/palla.pdf> <./imag
es_pdf/images/penna.pdf> <./images_pdf/images/papera.pdf> <./images_pdf/images/
porcellino.pdf> <./images_pdf/images/martello.pdf> <./images_pdf/images/scotch.
pdf> <./images_pdf/images/lego.pdf> <./images_pdf/images/cylinder.pdf> <./image
s_pdf/images/flat.png (PNG copy)> <./images_pdf/images/pinch.pdf> <./images_pdf
/images/spherical.pdf> <./images_pdf/images/tripodal.pdf>] [7])
(./discussion_future_work.tex [8]) (./bibliography.tex [9]) [10]
(./paper_iciap.aux)

LaTeX Font Warning: Some font shapes were not available, defaults substituted.

 ) 
Here is how much of TeX's memory you used:
 2573 strings out of 493886
 31086 string characters out of 1151099
 98176 words of memory out of 3000000
 5787 multiletter control sequences out of 10000+50000
 13895 words of font info for 52 fonts, out of 3000000 for 5000
 714 hyphenation exceptions out of 8191
 29i,10n,24p,980b,305s stack positions out of 5000i,500n,10000p,200000b,50000s
</usr/local/texlive/2008/texmf-dist/fonts/type1/bluesky/cm/cmbx10.pfb></usr/l
ocal/texlive/2008/texmf-dist/fonts/type1/bluesky/cm/cmbx12.pfb></usr/local/texl
ive/2008/texmf-dist/fonts/type1/bluesky/cm/cmbx9.pfb></usr/local/texlive/2008/t
exmf-dist/fonts/type1/bluesky/cm/cmex10.pfb></usr/local/texlive/2008/texmf-dist
/fonts/type1/bluesky/cm/cmmi10.pfb></usr/local/texlive/2008/texmf-dist/fonts/ty
pe1/bluesky/cm/cmmi7.pfb></usr/local/texlive/2008/texmf-dist/fonts/type1/bluesk
y/cm/cmmi9.pfb></usr/local/texlive/2008/texmf-dist/fonts/type1/bluesky/cm/cmmib
10.pfb></usr/local/texlive/2008/texmf-dist/fonts/type1/bluesky/cm/cmr10.pfb></u
sr/local/texlive/2008/texmf-dist/fonts/type1/bluesky/cm/cmr6.pfb></usr/local/te
xlive/2008/texmf-dist/fonts/type1/bluesky/cm/cmr7.pfb></usr/local/texlive/2008/
texmf-dist/fonts/type1/bluesky/cm/cmr9.pfb></usr/local/texlive/2008/texmf-dist/
fonts/type1/bluesky/cm/cmsy10.pfb></usr/local/texlive/2008/texmf-dist/fonts/typ
e1/bluesky/cm/cmsy7.pfb></usr/local/texlive/2008/texmf-dist/fonts/type1/bluesky
/cm/cmsy9.pfb></usr/local/texlive/2008/texmf-dist/fonts/type1/bluesky/cm/cmti10
.pfb></usr/local/texlive/2008/texmf-dist/fonts/type1/bluesky/cm/cmti9.pfb></usr
/local/texlive/2008/texmf-dist/fonts/type1/bluesky/cm/cmtt9.pfb></usr/local/tex
live/2008/texmf-dist/fonts/type1/bluesky/ams/msbm10.pfb>
Output written on paper_iciap.pdf (10 pages, 661849 bytes).
PDF statistics:
 201 PDF objects out of 1000 (max. 8388607)
 0 named destinations out of 1000 (max. 131072)
 71 words of extra memory for PDF output out of 10000 (max. 10000000)

